Log file open, 04/11/19 14:01:54
LogWindows: Failed to load 'aqProf.dll' (GetLastError=126)
LogWindows: File 'aqProf.dll' does not exist
LogWindows: Failed to load 'VtuneApi.dll' (GetLastError=126)
LogWindows: File 'VtuneApi.dll' does not exist
LogWindows: Failed to load 'VtuneApi32e.dll' (GetLastError=126)
LogWindows: File 'VtuneApi32e.dll' does not exist
LogConsoleResponse: Display: Failed to find resolution value strings in scalability ini. Falling back to default.
LogInit: Display: Running engine for game: TIR
LogPakFile: Registered encryption key '00000000000000000000000000000000': 0 pak files mounted, 0 remain pending
LogPlatformFile: Not using cached read wrapper
LogTaskGraph: Started task graph with 5 named threads and 14 total threads with 3 sets of task threads.
LogStats: Stats thread started at 0.240581
LogD3D11RHI: Loaded GFSDK_Aftermath_Lib.x64.dll
LogICUInternationalization: ICU TimeZone Detection - Raw Offset: +3:00, Platform Override: ''
LogPluginManager: Mounting plugin Paper2D
LogPluginManager: Mounting plugin AISupport
LogPluginManager: Mounting plugin LightPropagationVolume
LogPluginManager: Mounting plugin ActorLayerUtilities
LogPluginManager: Mounting plugin CLionSourceCodeAccess
LogPluginManager: Mounting plugin CodeLiteSourceCodeAccess
LogPluginManager: Mounting plugin GitSourceControl
LogPluginManager: Mounting plugin KDevelopSourceCodeAccess
LogPluginManager: Mounting plugin NullSourceCodeAccess
LogPluginManager: Mounting plugin PerforceSourceControl
LogPluginManager: Mounting plugin SubversionSourceControl
LogPluginManager: Mounting plugin UObjectPlugin
LogPluginManager: Mounting plugin VisualStudioCodeSourceCodeAccess
LogPluginManager: Mounting plugin VisualStudioSourceCodeAccess
LogPluginManager: Mounting plugin XCodeSourceCodeAccess
LogPluginManager: Mounting plugin AssetManagerEditor
LogPluginManager: Mounting plugin CryptoKeys
LogPluginManager: Mounting plugin DataValidation
LogPluginManager: Mounting plugin EditorScriptingUtilities
LogPluginManager: Mounting plugin FacialAnimation
LogPluginManager: Mounting plugin GameplayTagsEditor
LogPluginManager: Mounting plugin MacGraphicsSwitching
LogPluginManager: Mounting plugin MeshEditor
LogPluginManager: Mounting plugin MobileLauncherProfileWizard
LogPluginManager: Mounting plugin PluginBrowser
LogPluginManager: Mounting plugin SpeedTreeImporter
LogPluginManager: Mounting plugin DatasmithContent
LogPluginManager: Mounting plugin VariantManagerContent
LogPluginManager: Mounting plugin AlembicImporter
LogPluginManager: Mounting plugin AppleImageUtils
LogPluginManager: Mounting plugin AppleVision
LogPluginManager: Mounting plugin BackChannel
LogPluginManager: Mounting plugin CharacterAI
LogPluginManager: Mounting plugin GeometryCache
LogPluginManager: Mounting plugin HTML5Networking
LogPluginManager: Mounting plugin ProxyLODPlugin
LogPluginManager: Mounting plugin MagicLeap
LogPluginManager: Mounting plugin MagicLeapMedia
LogPluginManager: Mounting plugin AndroidMedia
LogPluginManager: Mounting plugin AvfMedia
LogPluginManager: Mounting plugin ImgMedia
LogPluginManager: Mounting plugin LinearTimecode
LogPluginManager: Mounting plugin MediaCompositing
LogPluginManager: Mounting plugin MediaPlayerEditor
LogPluginManager: Mounting plugin WebMMedia
LogPluginManager: Mounting plugin WmfMedia
LogPluginManager: Mounting plugin TcpMessaging
LogPluginManager: Mounting plugin UdpMessaging
LogPluginManager: Mounting plugin ActorSequence
LogPluginManager: Mounting plugin LevelSequenceEditor
LogPluginManager: Mounting plugin MatineeToLevelSequence
LogPluginManager: Mounting plugin NetcodeUnitTest
LogPluginManager: Mounting plugin NUTUnrealEngine4
LogPluginManager: Mounting plugin OnlineSubsystemGooglePlay
LogPluginManager: Mounting plugin OnlineSubsystemIOS
LogPluginManager: Mounting plugin OnlineSubsystem
LogPluginManager: Mounting plugin OnlineSubsystemNull
LogPluginManager: Mounting plugin OnlineSubsystemUtils
LogPluginManager: Mounting plugin LauncherChunkInstaller
LogPluginManager: Mounting plugin AndroidDeviceProfileSelector
LogPluginManager: Mounting plugin AndroidMoviePlayer
LogPluginManager: Mounting plugin AndroidPermission
LogPluginManager: Mounting plugin ApexDestruction
LogPluginManager: Mounting plugin AppleMoviePlayer
LogPluginManager: Mounting plugin ArchVisCharacter
LogPluginManager: Mounting plugin AudioCapture
LogPluginManager: Mounting plugin CableComponent
LogPluginManager: Mounting plugin CustomMeshComponent
LogPluginManager: Mounting plugin EditableMesh
LogPluginManager: Mounting plugin ExampleDeviceProfileSelector
LogPluginManager: Mounting plugin Firebase
LogPluginManager: Mounting plugin GoogleCloudMessaging
LogPluginManager: Mounting plugin IOSDeviceProfileSelector
LogPluginManager: Mounting plugin LinuxDeviceProfileSelector
LogPluginManager: Mounting plugin LocationServicesBPLibrary
LogPluginManager: Mounting plugin MobilePatchingUtils
LogPluginManager: Mounting plugin OculusVR
LogPluginManager: Mounting plugin PhysXVehicles
LogPluginManager: Mounting plugin ProceduralMeshComponent
LogPluginManager: Mounting plugin RuntimePhysXCooking
LogPluginManager: Mounting plugin SteamVR
LogPluginManager: Mounting plugin WebMMoviePlayer
LogPluginManager: Mounting plugin WindowsMoviePlayer
LogPluginManager: Mounting plugin DatasmithCADImporter
LogPluginManager: Mounting plugin DatasmithFBXImporter
LogPluginManager: Mounting plugin DatasmithImporter
LogPluginManager: Mounting plugin MDLImporter
LogPluginManager: Mounting plugin StaticMeshEditorExtension
LogPluginManager: Mounting plugin VariantManager
LogStreaming: Display: Took  0.172s to configure plugins.
LogInit: Using libcurl 7.55.1-DEV
LogInit:  - built for x86_64-pc-win32
LogInit:  - supports SSL with OpenSSL/1.0.2h
LogInit:  - supports HTTP deflate (compression) using libz 1.2.8
LogInit:  - other features:
LogInit:      CURL_VERSION_SSL
LogInit:      CURL_VERSION_LIBZ
LogInit:      CURL_VERSION_IPV6
LogInit:      CURL_VERSION_ASYNCHDNS
LogInit:      CURL_VERSION_LARGEFILE
LogInit:      CURL_VERSION_IDN
LogInit:  CurlRequestOptions (configurable via config and command line):
LogInit:  - bVerifyPeer = true  - Libcurl will verify peer certificate
LogInit:  - bUseHttpProxy = false  - Libcurl will NOT use HTTP proxy
LogInit:  - bDontReuseConnections = false  - Libcurl will reuse connections
LogInit:  - MaxHostConnections = 16  - Libcurl will limit the number of connections to a host
LogInit:  - LocalHostAddr = Default
LogInit:  - BufferSize = 65536
LogInit: WinSock: version 1.1 (2.2), MaxSocks=32767, MaxUdp=65467
LogInit: Build: ++UE4+Release-4.21-CL-4613538
LogInit: Engine Version: 4.21.1-4613538+++UE4+Release-4.21
LogInit: Compatible Engine Version: 4.21.0-4541578+++UE4+Release-4.21
LogInit: Net CL: 4541578
LogInit: OS: Windows 10 (), CPU:        Intel(R) Core(TM) i5-3570K CPU @ 3.40GHz, GPU: Radeon RX 580 Series
LogInit: Compiled (64-bit): Nov 30 2018 04:13:25
LogInit: Compiled with Visual C++: 19.13.26129.00
LogInit: Build Configuration: Development
LogInit: Branch Name: ++UE4+Release-4.21
LogInit: Command Line: 
LogInit: Base Directory: C:/Program Files/Epic Games/UE_4.21/Engine/Binaries/Win64/
LogInit: Installed Engine Build: 1
LogDevObjectVersion: Number of dev versions registered: 22
LogDevObjectVersion:   Dev-Blueprints (B0D832E4-1F89-4F0D-ACCF-7EB736FD4AA2): 10
LogDevObjectVersion:   Dev-Build (E1C64328-A22C-4D53-A36C-8E866417BD8C): 0
LogDevObjectVersion:   Dev-Core (375EC13C-06E4-48FB-B500-84F0262A717E): 2
LogDevObjectVersion:   Dev-Editor (E4B068ED-F494-42E9-A231-DA0B2E46BB41): 26
LogDevObjectVersion:   Dev-Framework (CFFC743F-43B0-4480-9391-14DF171D2073): 34
LogDevObjectVersion:   Dev-Mobile (B02B49B5-BB20-44E9-A304-32B752E40360): 2
LogDevObjectVersion:   Dev-Networking (A4E4105C-59A1-49B5-A7C5-40C4547EDFEE): 0
LogDevObjectVersion:   Dev-Online (39C831C9-5AE6-47DC-9A44-9C173E1C8E7C): 0
LogDevObjectVersion:   Dev-Physics (78F01B33-EBEA-4F98-B9B4-84EACCB95AA2): 0
LogDevObjectVersion:   Dev-Platform (6631380F-2D4D-43E0-8009-CF276956A95A): 0
LogDevObjectVersion:   Dev-Rendering (12F88B9F-8875-4AFC-A67C-D90C383ABD29): 27
LogDevObjectVersion:   Dev-Sequencer (7B5AE74C-D270-4C10-A958-57980B212A5A): 9
LogDevObjectVersion:   Dev-VR (D7296918-1DD6-4BDD-9DE2-64A83CC13884): 2
LogDevObjectVersion:   Dev-LoadTimes (C2A15278-BFE7-4AFE-6C17-90FF531DF755): 1
LogDevObjectVersion:   Private-Geometry (6EACA3D4-40EC-4CC1-B786-8BED09428FC5): 3
LogDevObjectVersion:   Dev-AnimPhys (29E575DD-E0A3-4627-9D10-D276232CDCEA): 17
LogDevObjectVersion:   Dev-Anim (AF43A65D-7FD3-4947-9873-3E8ED9C1BB05): 2
LogDevObjectVersion:   Dev-ReflectionCapture (6B266CEC-1EC7-4B8F-A30B-E4D90942FC07): 1
LogDevObjectVersion:   Dev-Automation (0DF73D61-A23F-47EA-B727-89E90C41499A): 1
LogDevObjectVersion:   FortniteMain (601D1886-AC64-4F84-AA16-D3DE0DEAC7D6): 17
LogDevObjectVersion:   Dev-Enterprise (9DFFBCD6-494F-0158-E221-12823C92A888): 4
LogDevObjectVersion:   Dev-Niagara (F2AED0AC-9AFE-416F-8664-AA7FFA26D6FC): 1
LogStreaming: Display: Took  0.006s to delete old logs.
LogInit: Presizing for max 8388607 objects, including 0 objects not considered by GC, pre-allocating 0 bytes for permanent pool.
LogInit: Object subsystem initialized
LogConfig: Setting CVar [[con.DebugEarlyDefault:1]]
LogConfig: Setting CVar [[r.setres:1280x720]]
[2019.04.11-11.01.54:929][  0]LogConfig: Setting CVar [[r.VSync:0]]
[2019.04.11-11.01.54:929][  0]LogConfig: Setting CVar [[r.RHICmdBypass:0]]
[2019.04.11-11.01.54:929][  0]LogConfig: Applying CVar settings from Section [/Script/Engine.RendererSettings] File [C:/REP/UE4/VR_TIR/TIR/Saved/Config/Windows/Engine.ini]
[2019.04.11-11.01.54:930][  0]LogConfig: Setting CVar [[r.GPUCrashDebugging:0]]
[2019.04.11-11.01.54:930][  0]LogConfig: Applying CVar settings from Section [/Script/Engine.RendererOverrideSettings] File [C:/REP/UE4/VR_TIR/TIR/Saved/Config/Windows/Engine.ini]
[2019.04.11-11.01.54:930][  0]LogConfig: Applying CVar settings from Section [/Script/Engine.StreamingSettings] File [C:/REP/UE4/VR_TIR/TIR/Saved/Config/Windows/Engine.ini]
[2019.04.11-11.01.54:930][  0]LogConfig: Setting CVar [[s.MinBulkDataSizeForAsyncLoading:131072]]
[2019.04.11-11.01.54:930][  0]LogConfig: Setting CVar [[s.AsyncLoadingThreadEnabled:0]]
[2019.04.11-11.01.54:930][  0]LogConfig: Setting CVar [[s.EventDrivenLoaderEnabled:1]]
[2019.04.11-11.01.54:930][  0]LogConfig: Setting CVar [[s.WarnIfTimeLimitExceeded:0]]
[2019.04.11-11.01.54:930][  0]LogConfig: Setting CVar [[s.TimeLimitExceededMultiplier:1.5]]
[2019.04.11-11.01.54:930][  0]LogConfig: Setting CVar [[s.TimeLimitExceededMinTime:0.005]]
[2019.04.11-11.01.54:930][  0]LogConfig: Setting CVar [[s.UseBackgroundLevelStreaming:1]]
[2019.04.11-11.01.54:930][  0]LogConfig: Setting CVar [[s.PriorityAsyncLoadingExtraTime:15.0]]
[2019.04.11-11.01.54:930][  0]LogConfig: Setting CVar [[s.LevelStreamingActorsUpdateTimeLimit:5.0]]
[2019.04.11-11.01.54:930][  0]LogConfig: Setting CVar [[s.PriorityLevelStreamingActorsUpdateExtraTime:5.0]]
[2019.04.11-11.01.54:930][  0]LogConfig: Setting CVar [[s.LevelStreamingComponentsRegistrationGranularity:10]]
[2019.04.11-11.01.54:930][  0]LogConfig: Setting CVar [[s.UnregisterComponentsTimeLimit:1.0]]
[2019.04.11-11.01.54:930][  0]LogConfig: Setting CVar [[s.LevelStreamingComponentsUnregistrationGranularity:5]]
[2019.04.11-11.01.54:930][  0]LogConfig: Applying CVar settings from Section [/Script/Engine.GarbageCollectionSettings] File [C:/REP/UE4/VR_TIR/TIR/Saved/Config/Windows/Engine.ini]
[2019.04.11-11.01.54:930][  0]LogConfig: Setting CVar [[gc.MaxObjectsNotConsideredByGC:1]]
[2019.04.11-11.01.54:930][  0]LogConfig: Setting CVar [[gc.SizeOfPermanentObjectPool:0]]
[2019.04.11-11.01.54:930][  0]LogConfig: Setting CVar [[gc.FlushStreamingOnGC:0]]
[2019.04.11-11.01.54:930][  0]LogConfig: Setting CVar [[gc.NumRetriesBeforeForcingGC:10]]
[2019.04.11-11.01.54:930][  0]LogConfig: Setting CVar [[gc.AllowParallelGC:1]]
[2019.04.11-11.01.54:930][  0]LogConfig: Setting CVar [[gc.TimeBetweenPurgingPendingKillObjects:61.1]]
[2019.04.11-11.01.54:930][  0]LogConfig: Setting CVar [[gc.MaxObjectsInEditor:8388607]]
[2019.04.11-11.01.54:930][  0]LogConfig: Setting CVar [[gc.IncrementalBeginDestroyEnabled:1]]
[2019.04.11-11.01.54:930][  0]LogConfig: Setting CVar [[gc.CreateGCClusters:1]]
[2019.04.11-11.01.54:930][  0]LogConfig: Setting CVar [[gc.MergeGCClusters:0]]
[2019.04.11-11.01.54:930][  0]LogConfig: Setting CVar [[gc.MinGCClusterSize:5]]
[2019.04.11-11.01.54:930][  0]LogConfig: Setting CVar [[gc.ActorClusteringEnabled:0]]
[2019.04.11-11.01.54:930][  0]LogConfig: Setting CVar [[gc.BlueprintClusteringEnabled:0]]
[2019.04.11-11.01.54:930][  0]LogConfig: Setting CVar [[gc.UseDisregardForGCOnDedicatedServers:0]]
[2019.04.11-11.01.54:930][  0]LogConfig: Applying CVar settings from Section [/Script/Engine.NetworkSettings] File [C:/REP/UE4/VR_TIR/TIR/Saved/Config/Windows/Engine.ini]
[2019.04.11-11.01.54:930][  0]LogConfig: Applying CVar settings from Section [/Script/UnrealEd.CookerSettings] File [C:/REP/UE4/VR_TIR/TIR/Saved/Config/Windows/Engine.ini]
[2019.04.11-11.01.54:945][  0]LogConfig: Applying CVar settings from Section [ViewDistanceQuality@3] File [C:/REP/UE4/VR_TIR/TIR/Saved/Config/Windows/Scalability.ini]
[2019.04.11-11.01.54:945][  0]LogConfig: Setting CVar [[r.SkeletalMeshLODBias:0]]
[2019.04.11-11.01.54:945][  0]LogConfig: Setting CVar [[r.ViewDistanceScale:1.0]]
[2019.04.11-11.01.54:945][  0]LogConfig: Applying CVar settings from Section [AntiAliasingQuality@3] File [C:/REP/UE4/VR_TIR/TIR/Saved/Config/Windows/Scalability.ini]
[2019.04.11-11.01.54:945][  0]LogConfig: Setting CVar [[r.PostProcessAAQuality:4]]
[2019.04.11-11.01.54:945][  0]LogConfig: Applying CVar settings from Section [ShadowQuality@3] File [C:/REP/UE4/VR_TIR/TIR/Saved/Config/Windows/Scalability.ini]
[2019.04.11-11.01.54:945][  0]LogConfig: Setting CVar [[r.LightFunctionQuality:1]]
[2019.04.11-11.01.54:945][  0]LogConfig: Setting CVar [[r.ShadowQuality:5]]
[2019.04.11-11.01.54:945][  0]LogConfig: Setting CVar [[r.Shadow.CSM.MaxCascades:10]]
[2019.04.11-11.01.54:945][  0]LogConfig: Setting CVar [[r.Shadow.MaxResolution:2048]]
[2019.04.11-11.01.54:945][  0]LogConfig: Setting CVar [[r.Shadow.MaxCSMResolution:2048]]
[2019.04.11-11.01.54:945][  0]LogConfig: Setting CVar [[r.Shadow.RadiusThreshold:0.01]]
[2019.04.11-11.01.54:945][  0]LogConfig: Setting CVar [[r.Shadow.DistanceScale:1.0]]
[2019.04.11-11.01.54:945][  0]LogConfig: Setting CVar [[r.Shadow.CSM.TransitionScale:1.0]]
[2019.04.11-11.01.54:945][  0]LogConfig: Setting CVar [[r.Shadow.PreShadowResolutionFactor:1.0]]
[2019.04.11-11.01.54:945][  0]LogConfig: Setting CVar [[r.DistanceFieldShadowing:1]]
[2019.04.11-11.01.54:945][  0]LogConfig: Setting CVar [[r.DistanceFieldAO:1]]
[2019.04.11-11.01.54:945][  0]LogConfig: Setting CVar [[r.AOQuality:2]]
[2019.04.11-11.01.54:945][  0]LogConfig: Setting CVar [[r.VolumetricFog:1]]
[2019.04.11-11.01.54:945][  0]LogConfig: Setting CVar [[r.VolumetricFog.GridPixelSize:8]]
[2019.04.11-11.01.54:945][  0]LogConfig: Setting CVar [[r.VolumetricFog.GridSizeZ:128]]
[2019.04.11-11.01.54:945][  0]LogConfig: Setting CVar [[r.VolumetricFog.HistoryMissSupersampleCount:4]]
[2019.04.11-11.01.54:945][  0]LogConfig: Setting CVar [[r.LightMaxDrawDistanceScale:1]]
[2019.04.11-11.01.54:945][  0]LogConfig: Setting CVar [[r.CapsuleShadows:1]]
[2019.04.11-11.01.54:945][  0]LogConfig: Applying CVar settings from Section [PostProcessQuality@3] File [C:/REP/UE4/VR_TIR/TIR/Saved/Config/Windows/Scalability.ini]
[2019.04.11-11.01.54:945][  0]LogConfig: Setting CVar [[r.MotionBlurQuality:4]]
[2019.04.11-11.01.54:945][  0]LogConfig: Setting CVar [[r.AmbientOcclusionMipLevelFactor:0.4]]
[2019.04.11-11.01.54:945][  0]LogConfig: Setting CVar [[r.AmbientOcclusionMaxQuality:100]]
[2019.04.11-11.01.54:945][  0]LogConfig: Setting CVar [[r.AmbientOcclusionLevels:-1]]
[2019.04.11-11.01.54:945][  0]LogConfig: Setting CVar [[r.AmbientOcclusionRadiusScale:1.0]]
[2019.04.11-11.01.54:945][  0]LogConfig: Setting CVar [[r.DepthOfFieldQuality:2]]
[2019.04.11-11.01.54:945][  0]LogConfig: Setting CVar [[r.RenderTargetPoolMin:400]]
[2019.04.11-11.01.54:945][  0]LogConfig: Setting CVar [[r.LensFlareQuality:2]]
[2019.04.11-11.01.54:945][  0]LogConfig: Setting CVar [[r.SceneColorFringeQuality:1]]
[2019.04.11-11.01.54:945][  0]LogConfig: Setting CVar [[r.EyeAdaptationQuality:2]]
[2019.04.11-11.01.54:945][  0]LogConfig: Setting CVar [[r.BloomQuality:5]]
[2019.04.11-11.01.54:945][  0]LogConfig: Setting CVar [[r.FastBlurThreshold:100]]
[2019.04.11-11.01.54:945][  0]LogConfig: Setting CVar [[r.Upscale.Quality:3]]
[2019.04.11-11.01.54:945][  0]LogConfig: Setting CVar [[r.Tonemapper.GrainQuantization:1]]
[2019.04.11-11.01.54:945][  0]LogConfig: Setting CVar [[r.LightShaftQuality:1]]
[2019.04.11-11.01.54:945][  0]LogConfig: Setting CVar [[r.Filter.SizeScale:1]]
[2019.04.11-11.01.54:945][  0]LogConfig: Setting CVar [[r.Tonemapper.Quality:5]]
[2019.04.11-11.01.54:945][  0]LogConfig: Setting CVar [[r.DOF.Gather.AccumulatorQuality:1        ; higher gathering accumulator quality]]
[2019.04.11-11.01.54:945][  0]LogConfig: Setting CVar [[r.DOF.Gather.PostfilterMethod:1          ; Median3x3 postfilering method]]
[2019.04.11-11.01.54:945][  0]LogConfig: Setting CVar [[r.DOF.Gather.EnableBokehSettings:0       ; no bokeh simulation when gathering]]
[2019.04.11-11.01.54:945][  0]LogConfig: Setting CVar [[r.DOF.Gather.RingCount:4                 ; medium number of samples when gathering]]
[2019.04.11-11.01.54:945][  0]LogConfig: Setting CVar [[r.DOF.Scatter.ForegroundCompositing:1    ; additive foreground scattering]]
[2019.04.11-11.01.54:945][  0]LogConfig: Setting CVar [[r.DOF.Scatter.BackgroundCompositing:2    ; additive background scattering]]
[2019.04.11-11.01.54:945][  0]LogConfig: Setting CVar [[r.DOF.Scatter.EnableBokehSettings:1      ; bokeh simulation when scattering]]
[2019.04.11-11.01.54:945][  0]LogConfig: Setting CVar [[r.DOF.Scatter.MaxSpriteRatio:0.1         ; only a maximum of 10% of scattered bokeh]]
[2019.04.11-11.01.54:945][  0]LogConfig: Setting CVar [[r.DOF.Recombine.Quality:1                ; cheap slight out of focus]]
[2019.04.11-11.01.54:945][  0]LogConfig: Setting CVar [[r.DOF.Recombine.EnableBokehSettings:0    ; no bokeh simulation on slight out of focus]]
[2019.04.11-11.01.54:945][  0]LogConfig: Setting CVar [[r.DOF.TemporalAAQuality:1                ; more stable temporal accumulation]]
[2019.04.11-11.01.54:945][  0]LogConfig: Setting CVar [[r.DOF.Kernel.MaxForegroundRadius:0.025]]
[2019.04.11-11.01.54:945][  0]LogConfig: Setting CVar [[r.DOF.Kernel.MaxBackgroundRadius:0.025]]
[2019.04.11-11.01.54:945][  0]LogConfig: Applying CVar settings from Section [TextureQuality@3] File [C:/REP/UE4/VR_TIR/TIR/Saved/Config/Windows/Scalability.ini]
[2019.04.11-11.01.54:945][  0]LogConfig: Setting CVar [[r.Streaming.MipBias:0]]
[2019.04.11-11.01.54:945][  0]LogConfig: Setting CVar [[r.Streaming.AmortizeCPUToGPUCopy:0]]
[2019.04.11-11.01.54:945][  0]LogConfig: Setting CVar [[r.Streaming.MaxNumTexturesToStreamPerFrame:0]]
[2019.04.11-11.01.54:945][  0]LogConfig: Setting CVar [[r.Streaming.Boost:1]]
[2019.04.11-11.01.54:945][  0]LogConfig: Setting CVar [[r.MaxAnisotropy:8]]
[2019.04.11-11.01.54:945][  0]LogConfig: Setting CVar [[r.Streaming.LimitPoolSizeToVRAM:0]]
[2019.04.11-11.01.54:945][  0]LogConfig: Setting CVar [[r.Streaming.PoolSize:1000]]
[2019.04.11-11.01.54:945][  0]LogConfig: Setting CVar [[r.Streaming.MaxEffectiveScreenSize:0]]
[2019.04.11-11.01.54:947][  0]LogConfig: Applying CVar settings from Section [EffectsQuality@3] File [C:/REP/UE4/VR_TIR/TIR/Saved/Config/Windows/Scalability.ini]
[2019.04.11-11.01.54:947][  0]LogConfig: Setting CVar [[r.TranslucencyLightingVolumeDim:64]]
[2019.04.11-11.01.54:947][  0]LogConfig: Setting CVar [[r.RefractionQuality:2]]
[2019.04.11-11.01.54:947][  0]LogConfig: Setting CVar [[r.SSR.Quality:3]]
[2019.04.11-11.01.54:947][  0]LogConfig: Setting CVar [[r.SceneColorFormat:4]]
[2019.04.11-11.01.54:947][  0]LogConfig: Setting CVar [[r.DetailMode:2]]
[2019.04.11-11.01.54:947][  0]LogConfig: Setting CVar [[r.TranslucencyVolumeBlur:1]]
[2019.04.11-11.01.54:947][  0]LogConfig: Setting CVar [[r.MaterialQualityLevel:1 ; High quality]]
[2019.04.11-11.01.54:947][  0]LogConfig: Setting CVar [[r.SSS.Scale:1]]
[2019.04.11-11.01.54:947][  0]LogConfig: Setting CVar [[r.SSS.SampleSet:2]]
[2019.04.11-11.01.54:947][  0]LogConfig: Setting CVar [[r.SSS.Quality:1]]
[2019.04.11-11.01.54:947][  0]LogConfig: Setting CVar [[r.SSS.HalfRes:1]]
[2019.04.11-11.01.54:947][  0]LogConfig: Setting CVar [[r.EmitterSpawnRateScale:1.0]]
[2019.04.11-11.01.54:947][  0]LogConfig: Setting CVar [[r.ParticleLightQuality:2]]
[2019.04.11-11.01.54:947][  0]LogConfig: Applying CVar settings from Section [FoliageQuality@3] File [C:/REP/UE4/VR_TIR/TIR/Saved/Config/Windows/Scalability.ini]
[2019.04.11-11.01.54:947][  0]LogConfig: Setting CVar [[foliage.DensityScale:1.0]]
[2019.04.11-11.01.54:947][  0]LogConfig: Setting CVar [[grass.DensityScale:1.0]]
[2019.04.11-11.01.54:947][  0]LogInit: Selected Device Profile: [Windows]
[2019.04.11-11.01.54:947][  0]LogInit: Applying CVar settings loaded from the selected device profile: [Windows]
[2019.04.11-11.01.54:961][  0]LogHAL: Display: Platform has ~ 16 GB [17132883968 / 17179869184 / 16], which maps to Larger [LargestMinGB=32, LargerMinGB=12, DefaultMinGB=8, SmallerMinGB=6, SmallestMinGB=0)
[2019.04.11-11.01.54:961][  0]LogConfig: Setting CVar [[r.Vulkan.UseRealUBs:1]]
[2019.04.11-11.01.54:961][  0]LogInit: Going up to parent DeviceProfile []
[2019.04.11-11.01.54:961][  0]LogConfig: Applying CVar settings from Section [ViewDistanceQuality@3] File [C:/REP/UE4/VR_TIR/TIR/Saved/Config/Windows/Scalability.ini]
[2019.04.11-11.01.54:962][  0]LogConfig: Setting CVar [[r.SkeletalMeshLODBias:0]]
[2019.04.11-11.01.54:962][  0]LogConfig: Setting CVar [[r.ViewDistanceScale:1.0]]
[2019.04.11-11.01.54:962][  0]LogConfig: Applying CVar settings from Section [AntiAliasingQuality@3] File [C:/REP/UE4/VR_TIR/TIR/Saved/Config/Windows/Scalability.ini]
[2019.04.11-11.01.54:962][  0]LogConfig: Setting CVar [[r.PostProcessAAQuality:4]]
[2019.04.11-11.01.54:962][  0]LogConfig: Applying CVar settings from Section [ShadowQuality@3] File [C:/REP/UE4/VR_TIR/TIR/Saved/Config/Windows/Scalability.ini]
[2019.04.11-11.01.54:962][  0]LogConfig: Setting CVar [[r.LightFunctionQuality:1]]
[2019.04.11-11.01.54:962][  0]LogConfig: Setting CVar [[r.ShadowQuality:5]]
[2019.04.11-11.01.54:962][  0]LogConfig: Setting CVar [[r.Shadow.CSM.MaxCascades:10]]
[2019.04.11-11.01.54:962][  0]LogConfig: Setting CVar [[r.Shadow.MaxResolution:2048]]
[2019.04.11-11.01.54:962][  0]LogConfig: Setting CVar [[r.Shadow.MaxCSMResolution:2048]]
[2019.04.11-11.01.54:962][  0]LogConfig: Setting CVar [[r.Shadow.RadiusThreshold:0.01]]
[2019.04.11-11.01.54:962][  0]LogConfig: Setting CVar [[r.Shadow.DistanceScale:1.0]]
[2019.04.11-11.01.54:962][  0]LogConfig: Setting CVar [[r.Shadow.CSM.TransitionScale:1.0]]
[2019.04.11-11.01.54:962][  0]LogConfig: Setting CVar [[r.Shadow.PreShadowResolutionFactor:1.0]]
[2019.04.11-11.01.54:962][  0]LogConfig: Setting CVar [[r.DistanceFieldShadowing:1]]
[2019.04.11-11.01.54:962][  0]LogConfig: Setting CVar [[r.DistanceFieldAO:1]]
[2019.04.11-11.01.54:962][  0]LogConfig: Setting CVar [[r.AOQuality:2]]
[2019.04.11-11.01.54:962][  0]LogConfig: Setting CVar [[r.VolumetricFog:1]]
[2019.04.11-11.01.54:962][  0]LogConfig: Setting CVar [[r.VolumetricFog.GridPixelSize:8]]
[2019.04.11-11.01.54:962][  0]LogConfig: Setting CVar [[r.VolumetricFog.GridSizeZ:128]]
[2019.04.11-11.01.54:962][  0]LogConfig: Setting CVar [[r.VolumetricFog.HistoryMissSupersampleCount:4]]
[2019.04.11-11.01.54:962][  0]LogConfig: Setting CVar [[r.LightMaxDrawDistanceScale:1]]
[2019.04.11-11.01.54:962][  0]LogConfig: Setting CVar [[r.CapsuleShadows:1]]
[2019.04.11-11.01.54:962][  0]LogConfig: Applying CVar settings from Section [PostProcessQuality@3] File [C:/REP/UE4/VR_TIR/TIR/Saved/Config/Windows/Scalability.ini]
[2019.04.11-11.01.54:962][  0]LogConfig: Setting CVar [[r.MotionBlurQuality:4]]
[2019.04.11-11.01.54:962][  0]LogConfig: Setting CVar [[r.AmbientOcclusionMipLevelFactor:0.4]]
[2019.04.11-11.01.54:962][  0]LogConfig: Setting CVar [[r.AmbientOcclusionMaxQuality:100]]
[2019.04.11-11.01.54:962][  0]LogConfig: Setting CVar [[r.AmbientOcclusionLevels:-1]]
[2019.04.11-11.01.54:962][  0]LogConfig: Setting CVar [[r.AmbientOcclusionRadiusScale:1.0]]
[2019.04.11-11.01.54:962][  0]LogConfig: Setting CVar [[r.DepthOfFieldQuality:2]]
[2019.04.11-11.01.54:962][  0]LogConfig: Setting CVar [[r.RenderTargetPoolMin:400]]
[2019.04.11-11.01.54:962][  0]LogConfig: Setting CVar [[r.LensFlareQuality:2]]
[2019.04.11-11.01.54:962][  0]LogConfig: Setting CVar [[r.SceneColorFringeQuality:1]]
[2019.04.11-11.01.54:962][  0]LogConfig: Setting CVar [[r.EyeAdaptationQuality:2]]
[2019.04.11-11.01.54:962][  0]LogConfig: Setting CVar [[r.BloomQuality:5]]
[2019.04.11-11.01.54:962][  0]LogConfig: Setting CVar [[r.FastBlurThreshold:100]]
[2019.04.11-11.01.54:962][  0]LogConfig: Setting CVar [[r.Upscale.Quality:3]]
[2019.04.11-11.01.54:962][  0]LogConfig: Setting CVar [[r.Tonemapper.GrainQuantization:1]]
[2019.04.11-11.01.54:962][  0]LogConfig: Setting CVar [[r.LightShaftQuality:1]]
[2019.04.11-11.01.54:962][  0]LogConfig: Setting CVar [[r.Filter.SizeScale:1]]
[2019.04.11-11.01.54:962][  0]LogConfig: Setting CVar [[r.Tonemapper.Quality:5]]
[2019.04.11-11.01.54:962][  0]LogConfig: Setting CVar [[r.DOF.Gather.AccumulatorQuality:1        ; higher gathering accumulator quality]]
[2019.04.11-11.01.54:962][  0]LogConfig: Setting CVar [[r.DOF.Gather.PostfilterMethod:1          ; Median3x3 postfilering method]]
[2019.04.11-11.01.54:962][  0]LogConfig: Setting CVar [[r.DOF.Gather.EnableBokehSettings:0       ; no bokeh simulation when gathering]]
[2019.04.11-11.01.54:962][  0]LogConfig: Setting CVar [[r.DOF.Gather.RingCount:4                 ; medium number of samples when gathering]]
[2019.04.11-11.01.54:962][  0]LogConfig: Setting CVar [[r.DOF.Scatter.ForegroundCompositing:1    ; additive foreground scattering]]
[2019.04.11-11.01.54:962][  0]LogConfig: Setting CVar [[r.DOF.Scatter.BackgroundCompositing:2    ; additive background scattering]]
[2019.04.11-11.01.54:962][  0]LogConfig: Setting CVar [[r.DOF.Scatter.EnableBokehSettings:1      ; bokeh simulation when scattering]]
[2019.04.11-11.01.54:962][  0]LogConfig: Setting CVar [[r.DOF.Scatter.MaxSpriteRatio:0.1         ; only a maximum of 10% of scattered bokeh]]
[2019.04.11-11.01.54:962][  0]LogConfig: Setting CVar [[r.DOF.Recombine.Quality:1                ; cheap slight out of focus]]
[2019.04.11-11.01.54:962][  0]LogConfig: Setting CVar [[r.DOF.Recombine.EnableBokehSettings:0    ; no bokeh simulation on slight out of focus]]
[2019.04.11-11.01.54:962][  0]LogConfig: Setting CVar [[r.DOF.TemporalAAQuality:1                ; more stable temporal accumulation]]
[2019.04.11-11.01.54:962][  0]LogConfig: Setting CVar [[r.DOF.Kernel.MaxForegroundRadius:0.025]]
[2019.04.11-11.01.54:962][  0]LogConfig: Setting CVar [[r.DOF.Kernel.MaxBackgroundRadius:0.025]]
[2019.04.11-11.01.54:962][  0]LogConfig: Applying CVar settings from Section [TextureQuality@3] File [C:/REP/UE4/VR_TIR/TIR/Saved/Config/Windows/Scalability.ini]
[2019.04.11-11.01.54:962][  0]LogConfig: Setting CVar [[r.Streaming.MipBias:0]]
[2019.04.11-11.01.54:962][  0]LogConfig: Setting CVar [[r.Streaming.AmortizeCPUToGPUCopy:0]]
[2019.04.11-11.01.54:962][  0]LogConfig: Setting CVar [[r.Streaming.MaxNumTexturesToStreamPerFrame:0]]
[2019.04.11-11.01.54:962][  0]LogConfig: Setting CVar [[r.Streaming.Boost:1]]
[2019.04.11-11.01.54:962][  0]LogConfig: Setting CVar [[r.MaxAnisotropy:8]]
[2019.04.11-11.01.54:962][  0]LogConfig: Setting CVar [[r.Streaming.LimitPoolSizeToVRAM:0]]
[2019.04.11-11.01.54:963][  0]LogConfig: Setting CVar [[r.Streaming.PoolSize:1000]]
[2019.04.11-11.01.54:963][  0]LogConfig: Setting CVar [[r.Streaming.MaxEffectiveScreenSize:0]]
[2019.04.11-11.01.54:963][  0]LogConfig: Applying CVar settings from Section [EffectsQuality@3] File [C:/REP/UE4/VR_TIR/TIR/Saved/Config/Windows/Scalability.ini]
[2019.04.11-11.01.54:963][  0]LogConfig: Setting CVar [[r.TranslucencyLightingVolumeDim:64]]
[2019.04.11-11.01.54:963][  0]LogConfig: Setting CVar [[r.RefractionQuality:2]]
[2019.04.11-11.01.54:963][  0]LogConfig: Setting CVar [[r.SSR.Quality:3]]
[2019.04.11-11.01.54:963][  0]LogConfig: Setting CVar [[r.SceneColorFormat:4]]
[2019.04.11-11.01.54:963][  0]LogConfig: Setting CVar [[r.DetailMode:2]]
[2019.04.11-11.01.54:963][  0]LogConfig: Setting CVar [[r.TranslucencyVolumeBlur:1]]
[2019.04.11-11.01.54:963][  0]LogConfig: Setting CVar [[r.MaterialQualityLevel:1 ; High quality]]
[2019.04.11-11.01.54:963][  0]LogConfig: Setting CVar [[r.SSS.Scale:1]]
[2019.04.11-11.01.54:963][  0]LogConfig: Setting CVar [[r.SSS.SampleSet:2]]
[2019.04.11-11.01.54:963][  0]LogConfig: Setting CVar [[r.SSS.Quality:1]]
[2019.04.11-11.01.54:963][  0]LogConfig: Setting CVar [[r.SSS.HalfRes:1]]
[2019.04.11-11.01.54:963][  0]LogConfig: Setting CVar [[r.EmitterSpawnRateScale:1.0]]
[2019.04.11-11.01.54:963][  0]LogConfig: Setting CVar [[r.ParticleLightQuality:2]]
[2019.04.11-11.01.54:963][  0]LogConfig: Applying CVar settings from Section [FoliageQuality@3] File [C:/REP/UE4/VR_TIR/TIR/Saved/Config/Windows/Scalability.ini]
[2019.04.11-11.01.54:963][  0]LogConfig: Setting CVar [[foliage.DensityScale:1.0]]
[2019.04.11-11.01.54:963][  0]LogConfig: Setting CVar [[grass.DensityScale:1.0]]
[2019.04.11-11.01.54:963][  0]LogConfig: Applying CVar settings from Section [Startup] File [../../../Engine/Config/ConsoleVariables.ini]
[2019.04.11-11.01.54:964][  0]LogConfig: Setting CVar [[net.UseAdaptiveNetUpdateFrequency:0]]
[2019.04.11-11.01.54:964][  0]LogConfig: Applying CVar settings from Section [ConsoleVariables] File [C:/REP/UE4/VR_TIR/TIR/Saved/Config/Windows/Engine.ini]
[2019.04.11-11.01.54:964][  0]LogInit: Computer: MARS
[2019.04.11-11.01.54:964][  0]LogInit: User: mKimp
[2019.04.11-11.01.54:964][  0]LogInit: CPU Page size=4096, Cores=4
[2019.04.11-11.01.54:964][  0]LogInit: High frequency timer resolution =3.330095 MHz
[2019.04.11-11.01.54:965][  0]LogMemory: Memory total: Physical=16.0GB (16GB approx)
[2019.04.11-11.01.54:965][  0]LogMemory: Platform Memory Stats for Windows
[2019.04.11-11.01.54:965][  0]LogMemory: Process Physical Memory: 103.89 MB used, 103.89 MB peak
[2019.04.11-11.01.54:965][  0]LogMemory: Process Virtual Memory: 95.12 MB used, 95.12 MB peak
[2019.04.11-11.01.54:965][  0]LogMemory: Physical Memory: 5224.41 MB used,  11114.79 MB free, 16339.19 MB total
[2019.04.11-11.01.54:965][  0]LogMemory: Virtual Memory: 4644.42 MB used,  134213080.00 MB free, 134217728.00 MB total
[2019.04.11-11.01.55:082][  0]LogInit: Using OS detected language (ru-RU).
[2019.04.11-11.01.55:082][  0]LogInit: Using OS detected locale (ru-RU).
[2019.04.11-11.01.55:085][  0]LogTextLocalizationManager: No specific localization for 'ru-RU' exists, so the 'ru' localization will be used.
[2019.04.11-11.01.55:092][  0]LogStreaming: Display: Took  0.010s to InitEngineTextLocalization.
[2019.04.11-11.01.55:092][  0]LogInit: Setting process to per monitor DPI aware
[2019.04.11-11.01.55:157][  0]LogSlate: New Slate User Created.  User Index 0, Is Virtual User: 0
[2019.04.11-11.01.55:157][  0]LogSlate: Slate User Registered.  User Index 0, Is Virtual User: 0
[2019.04.11-11.01.55:796][  0]LogHMD: Failed to initialize OpenVR with code 110
[2019.04.11-11.01.55:796][  0]LogD3D11RHI: D3D11 adapters:
[2019.04.11-11.01.55:830][  0]LogD3D11RHI:    0. 'Radeon RX 580 Series' (Feature Level 11_0)
[2019.04.11-11.01.55:830][  0]LogD3D11RHI:       8172/0/8169 MB DedicatedVideo/DedicatedSystem/SharedSystem, Outputs:2, VendorId:0x1002
[2019.04.11-11.01.55:833][  0]LogD3D11RHI:    1. 'Microsoft Basic Render Driver' (Feature Level 11_0)
[2019.04.11-11.01.55:833][  0]LogD3D11RHI:       0/0/8169 MB DedicatedVideo/DedicatedSystem/SharedSystem, Outputs:0, VendorId:0x1414
[2019.04.11-11.01.55:833][  0]LogD3D11RHI: Chosen D3D11 Adapter: 0
[2019.04.11-11.01.55:842][  0]LogD3D11RHI: Creating new Direct3DDevice
[2019.04.11-11.01.55:843][  0]LogD3D11RHI:     GPU DeviceId: 0x67df (for the marketing name, search the web for "GPU Device Id")
[2019.04.11-11.01.55:843][  0]LogWindows: EnumDisplayDevices:
[2019.04.11-11.01.55:843][  0]LogWindows:    0. 'Radeon RX 580 Series' (P:1 D:1)
[2019.04.11-11.01.55:843][  0]LogWindows:    1. 'Radeon RX 580 Series' (P:0 D:1)
[2019.04.11-11.01.55:845][  0]LogWindows:    2. 'Radeon RX 580 Series' (P:0 D:0)
[2019.04.11-11.01.55:846][  0]LogWindows:    3. 'Radeon RX 580 Series' (P:0 D:0)
[2019.04.11-11.01.55:846][  0]LogWindows:    4. 'Radeon RX 580 Series' (P:0 D:0)
[2019.04.11-11.01.55:847][  0]LogWindows:    5. 'Radeon RX 580 Series' (P:0 D:0)
[2019.04.11-11.01.55:848][  0]LogWindows:    6. 'Radeon RX 580 Series' (P:0 D:0)
[2019.04.11-11.01.55:849][  0]LogWindows:    7. 'Radeon RX 580 Series' (P:0 D:0)
[2019.04.11-11.01.55:849][  0]LogWindows: DebugString: FoundDriverCount:8 
[2019.04.11-11.01.55:849][  0]LogD3D11RHI:     Adapter Name: Radeon RX 580 Series
[2019.04.11-11.01.55:849][  0]LogD3D11RHI:   Driver Version: Adrenalin 2019 19.3.3 (internal:25.20.15027.9004, unified:25.20.15027.9004)
[2019.04.11-11.01.55:849][  0]LogD3D11RHI:      Driver Date: 3-18-2019
[2019.04.11-11.01.55:849][  0]LogRHI: Texture pool is 5720 MB (70% of 8172 MB)
[2019.04.11-11.01.55:959][  0]LogD3D11RHI: Async texture creation enabled
[2019.04.11-11.01.55:971][  0]LogD3D11RHI: GPU Timing Frequency: 25.000000 (Debug: 2 1)
[2019.04.11-11.01.56:533][  0]LogTemp: Display: Loaded TP AllDesktopTargetPlatform
[2019.04.11-11.01.56:553][  0]LogTemp: Display: Loaded TP MacClientTargetPlatform
[2019.04.11-11.01.56:575][  0]LogTemp: Display: Loaded TP MacNoEditorTargetPlatform
[2019.04.11-11.01.56:596][  0]LogTemp: Display: Loaded TP MacServerTargetPlatform
[2019.04.11-11.01.56:619][  0]LogTemp: Display: Loaded TP MacTargetPlatform
[2019.04.11-11.01.56:640][  0]LogTemp: Display: Loaded TP WindowsClientTargetPlatform
[2019.04.11-11.01.56:661][  0]LogTemp: Display: Loaded TP WindowsNoEditorTargetPlatform
[2019.04.11-11.01.56:685][  0]LogTemp: Display: Loaded TP WindowsServerTargetPlatform
[2019.04.11-11.01.56:696][  0]LogTemp: Display: Loaded TP WindowsTargetPlatform
[2019.04.11-11.01.56:811][  0]LogTemp: Display: Loaded TP AndroidTargetPlatform
[2019.04.11-11.01.56:811][  0]LogTemp: Display: Loaded TP AndroidTargetPlatform
[2019.04.11-11.01.56:811][  0]LogTemp: Display: Loaded TP AndroidTargetPlatform
[2019.04.11-11.01.56:811][  0]LogTemp: Display: Loaded TP AndroidTargetPlatform
[2019.04.11-11.01.56:811][  0]LogTemp: Display: Loaded TP AndroidTargetPlatform
[2019.04.11-11.01.56:811][  0]LogTemp: Display: Loaded TP AndroidTargetPlatform
[2019.04.11-11.01.56:811][  0]LogTemp: Display: Loaded TP AndroidTargetPlatform
[2019.04.11-11.01.56:811][  0]LogTemp: Display: Loaded TP AndroidTargetPlatform
[2019.04.11-11.01.56:811][  0]LogTemp: Display: Loaded TP AndroidTargetPlatform
[2019.04.11-11.01.56:811][  0]LogTemp: Display: Loaded TP AndroidTargetPlatform
[2019.04.11-11.01.56:811][  0]LogTemp: Display: Loaded TP AndroidTargetPlatform
[2019.04.11-11.01.56:811][  0]LogTemp: Display: Loaded TP AndroidTargetPlatform
[2019.04.11-11.01.56:811][  0]LogTemp: Display: Loaded TP AndroidTargetPlatform
[2019.04.11-11.01.56:811][  0]LogTemp: Display: Loaded TP AndroidTargetPlatform
[2019.04.11-11.01.56:812][  0]LogTemp: Display: Loaded TP AndroidTargetPlatform
[2019.04.11-11.01.56:812][  0]LogTemp: Display: Loaded TP AndroidTargetPlatform
[2019.04.11-11.01.56:812][  0]LogTemp: Display: Loaded TP AndroidTargetPlatform
[2019.04.11-11.01.56:812][  0]LogTemp: Display: Loaded TP AndroidTargetPlatform
[2019.04.11-11.01.56:815][  0]LogTemp: Display: Loaded TP HTML5TargetPlatform
[2019.04.11-11.01.56:890][  0]LogTemp: Display: Loaded TP IOSTargetPlatform
[2019.04.11-11.01.56:890][  0]LogTemp: Display: Loaded TP IOSTargetPlatform
[2019.04.11-11.01.56:924][  0]LogTemp: Display: Loaded TP TVOSTargetPlatform
[2019.04.11-11.01.56:924][  0]LogTemp: Display: Loaded TP TVOSTargetPlatform
[2019.04.11-11.01.56:942][  0]LogTemp: Display: Loaded TP LinuxClientTargetPlatform
[2019.04.11-11.01.56:960][  0]LogTemp: Display: Loaded TP LinuxNoEditorTargetPlatform
[2019.04.11-11.01.56:981][  0]LogTemp: Display: Loaded TP LinuxServerTargetPlatform
[2019.04.11-11.01.57:002][  0]LogTemp: Display: Loaded TP LinuxTargetPlatform
[2019.04.11-11.01.57:066][  0]LogTemp: Display: Loaded TP LuminTargetPlatform
[2019.04.11-11.01.57:066][  0]LogTemp: Display: Loaded TP LuminTargetPlatform
[2019.04.11-11.01.57:066][  0]LogTargetPlatformManager: Display: Building Assets For Windows
[2019.04.11-11.01.57:206][  0]LogShaderCompilers: Guid format shader working directory is 9 characters bigger than the processId version (../../../../../../REP/UE4/VR_TIR/TIR/Intermediate/Shaders/WorkingDirectory/16084/).
[2019.04.11-11.01.57:206][  0]LogShaderCompilers: Cleaned the shader compiler working directory 'C:/Users/mKimp/AppData/Local/Temp/UnrealShaderWorkingDir/2FDC4E82479FE11A9D7089819E6D8A17/'.
[2019.04.11-11.01.57:211][  0]LogXGEController: Cleaning working directory: C:/Users/mKimp/AppData/Local/Temp/UnrealXGEWorkingDir/
[2019.04.11-11.01.57:224][  0]LogShaderCompilers: Display: Using XGE Shader Compiler (Interception Interface).
[2019.04.11-11.01.57:993][  0]LogDerivedDataCache: Display: Max Cache Size: 512 MB
[2019.04.11-11.01.58:082][  0]LogDerivedDataCache: Loaded boot cache 0.09s 71MB C:/Users/mKimp/AppData/Local/UnrealEngine/4.21/DerivedDataCache/Boot.ddc.
[2019.04.11-11.01.58:083][  0]LogDerivedDataCache: Display: Loaded Boot cache: C:/Users/mKimp/AppData/Local/UnrealEngine/4.21/DerivedDataCache/Boot.ddc
[2019.04.11-11.01.58:083][  0]LogDerivedDataCache: FDerivedDataBackendGraph:  Pak pak cache file ../../../../../../REP/UE4/VR_TIR/TIR/DerivedDataCache/DDC.ddp not found, will not use a pak cache.
[2019.04.11-11.01.58:083][  0]LogDerivedDataCache: Unable to find inner node Pak for hierarchical cache Hierarchy.
[2019.04.11-11.01.58:083][  0]LogDerivedDataCache: FDerivedDataBackendGraph:  CompressedPak pak cache file ../../../../../../REP/UE4/VR_TIR/TIR/DerivedDataCache/Compressed.ddp not found, will not use a pak cache.
[2019.04.11-11.01.58:083][  0]LogDerivedDataCache: Unable to find inner node CompressedPak for hierarchical cache Hierarchy.
[2019.04.11-11.01.58:103][  0]LogDerivedDataCache: Display: Pak cache opened for reading ../../../Engine/DerivedDataCache/Compressed.ddp.
[2019.04.11-11.01.58:108][  0]LogDerivedDataCache: Display: Pak cache opened for reading ../../../Enterprise/DerivedDataCache/Compressed.ddp.
[2019.04.11-11.01.58:120][  0]LogDerivedDataCache: Using Local data cache path C:/Users/mKimp/AppData/Local/UnrealEngine/Common/DerivedDataCache: Writable
[2019.04.11-11.01.58:120][  0]LogDerivedDataCache: Shared data cache path not found in *engine.ini, will not use an Shared cache.
[2019.04.11-11.01.58:120][  0]LogDerivedDataCache: Unable to find inner node Shared for hierarchical cache Hierarchy.
[2019.04.11-11.01.58:147][  0]LogMaterial: Verifying Global Shaders for PCD3D_SM5
[2019.04.11-11.01.58:149][  0]LogSlate: Using FreeType 2.6.0
[2019.04.11-11.01.58:153][  0]LogSlate: SlateFontServices - WITH_FREETYPE: 1, WITH_HARFBUZZ: 1
[2019.04.11-11.01.58:351][  0]LogAssetRegistry: FAssetRegistry took 0.0379 seconds to start up
[2019.04.11-11.01.58:840][  0]LogInit: Selected Device Profile: [Windows]
[2019.04.11-11.01.59:066][  0]LogSimplygon: Simplygon DLL not present - disabling.
[2019.04.11-11.01.59:078][  0]LogMeshReduction: Using SimplygonSwarm for distributed automatic mesh merging
[2019.04.11-11.01.59:078][  0]LogMeshReduction: Using ProxyLODMeshReduction for automatic mesh merging
[2019.04.11-11.01.59:078][  0]LogMeshReduction: Using QuadricMeshReduction for automatic static mesh reduction
[2019.04.11-11.01.59:078][  0]LogMeshReduction: No automatic skeletal mesh reduction module available
[2019.04.11-11.01.59:096][  0]LogNetVersion: TIR 1.0.0, NetCL: 4541578, EngineNetVer: 5, GameNetVer: 0 (Checksum: 3202646210)
[2019.04.11-11.01.59:866][  0]LogPackageLocalizationCache: Processed 14 localized package path(s) for 2 prioritized culture(s) in 0.124720 seconds
[2019.04.11-11.01.59:873][  0]LogUObjectArray: 39775 objects as part of root set at end of initial load.
[2019.04.11-11.01.59:873][  0]LogUObjectAllocator: 6914656 out of 0 bytes used by permanent object pool.
[2019.04.11-11.01.59:873][  0]LogUObjectArray: CloseDisregardForGC: 0/0 objects in disregard for GC pool
[2019.04.11-11.02.02:085][  0]LogTcpMessaging: Initializing TcpMessaging bridge
[2019.04.11-11.02.02:099][  0]LogUdpMessaging: Initializing bridge on interface 0.0.0.0:0 to multicast group 230.0.0.1:6666.
[2019.04.11-11.02.03:031][  0]SourceControl: Source control is disabled
[2019.04.11-11.02.03:032][  0]SourceControl: Source control is disabled
[2019.04.11-11.02.03:035][  0]SourceControl: Source control is disabled
[2019.04.11-11.02.03:039][  0]SourceControl: Source control is disabled
[2019.04.11-11.02.03:290][  0]LogAndroidPermission: UAndroidPermissionCallbackProxy::GetInstance
[2019.04.11-11.02.03:744][  0]LogOcInput: OculusInput pre-init called
[2019.04.11-11.02.05:495][  0]LogEngine: Initializing Engine...
[2019.04.11-11.02.05:496][  0]LogHMD: Failed to initialize OpenVR with code 110
[2019.04.11-11.02.05:497][  0]LogStats: UGameplayTagsManager::ConstructGameplayTagTree: ImportINI prefixes -  0.000 s
[2019.04.11-11.02.05:497][  0]LogStats: UGameplayTagsManager::ConstructGameplayTagTree: Construct from data asset -  0.000 s
[2019.04.11-11.02.05:498][  0]LogStats: UGameplayTagsManager::ConstructGameplayTagTree: ImportINI -  0.000 s
[2019.04.11-11.02.05:498][  0]LogStats: UGameplayTagsManager::ConstructGameplayTagTree: GameplayTagTreeChangedEvent.Broadcast -  0.000 s
[2019.04.11-11.02.05:816][  0]LogInit: Initializing FReadOnlyCVARCache
[2019.04.11-11.02.05:848][  0]LogAIModule: Creating AISystem for world Untitled
[2019.04.11-11.02.05:976][  0]LogInit: XAudio2 using 'Headset (Sound Blaster Tactic(3D) Sigma)' : 2 channels at 44.1 kHz using 16 bits per sample (channel mask 0x3)
[2019.04.11-11.02.06:008][  0]LogInit: FAudioDevice initialized.
[2019.04.11-11.02.06:008][  0]LogNetVersion: Set ProjectVersion to 1.0.0.0. Version Checksum will be recalculated on next use.
[2019.04.11-11.02.06:189][  0]LogDerivedDataCache: Saved boot cache 0.18s 71MB C:/Users/mKimp/AppData/Local/UnrealEngine/4.21/DerivedDataCache/Boot.ddc.
[2019.04.11-11.02.06:198][  0]LogInit: Texture streaming: Enabled
[2019.04.11-11.02.06:236][  0]LogEngineSessionManager: EngineSessionManager initialized
[2019.04.11-11.02.06:262][  0]LogInit: Transaction tracking system initialized
[2019.04.11-11.02.06:326][  0]BlueprintLog: New page: Editor Load
[2019.04.11-11.02.06:503][  0]LocalizationService: Localization service is disabled
[2019.04.11-11.02.07:234][  0]LogFileCache: Scanning file cache for directory 'C:/REP/UE4/VR_TIR/TIR/Content/' took 0.01s
[2019.04.11-11.02.07:234][  0]LogCook: Display: Max memory allowance for cook 16384mb min free memory 0mb
[2019.04.11-11.02.07:235][  0]LogCook: Display: Mobile HDR setting 1
[2019.04.11-11.02.07:235][  0]LogGameplayTags: Display: UGameplayTagsManager::DoneAddingNativeTags. DelegateIsBound: 0
[2019.04.11-11.02.07:235][  0]LogStats: UGameplayTagsManager::ConstructGameplayTagTree: ImportINI prefixes -  0.000 s
[2019.04.11-11.02.07:235][  0]LogStats: UGameplayTagsManager::ConstructGameplayTagTree: Construct from data asset -  0.000 s
[2019.04.11-11.02.07:235][  0]LogStats: UGameplayTagsManager::ConstructGameplayTagTree: ImportINI -  0.000 s
[2019.04.11-11.02.07:235][  0]LogStats: UGameplayTagsManager::ConstructGameplayTagTree: GameplayTagTreeChangedEvent.Broadcast -  0.000 s
[2019.04.11-11.02.07:391][  0]LogLinker: Warning: Can't find file '/Engine/BasicShapes/Plane'
[2019.04.11-11.02.07:392][  0]LogLinker: Warning: Can't find file '/Engine/BasicShapes/Plane'
[2019.04.11-11.02.07:392][  0]LogUObjectGlobals: Warning: Failed to find object 'StaticMesh /Engine/BasicShapes/Plane.Plane'
[2019.04.11-11.02.08:943][  0]SourceControl: Source control is disabled
[2019.04.11-11.02.08:943][  0]Cmd: MAP LOAD FILE="../../../../../../REP/UE4/VR_TIR/TIR/Content/Levels/TIR.umap" TEMPLATE=0 SHOWPROGRESS=1 FEATURELEVEL=3
[2019.04.11-11.02.08:944][  0]LightingResults: New page: Lighting Build
[2019.04.11-11.02.08:950][  0]MapCheck: New page: Map Check
[2019.04.11-11.02.08:950][  0]LightingResults: New page: Lighting Build
[2019.04.11-11.02.09:838][  0]LogAIModule: Creating AISystem for world TIR
[2019.04.11-11.02.09:857][  0]LogStreaming: Display: ULevelStreaming::RequestLevel(/Game/Levels/UI) is flushing async loading
[2019.04.11-11.02.09:857][  0]LogStreaming: Display: Flushing async loaders.
[2019.04.11-11.02.09:900][  0]LogStreaming: Display: ULevelStreaming::RequestLevel(/Game/Levels/Game) is flushing async loading
[2019.04.11-11.02.10:102][  0]LogStreaming: Display: ULevelStreaming::RequestLevel(/Game/Levels/CreateName) is flushing async loading
[2019.04.11-11.02.10:109][  0]LogStreaming: Display: ULevelStreaming::RequestLevel(/Game/Levels/HighScore) is flushing async loading
[2019.04.11-11.02.10:114][  0]LogEditorServer: Finished looking for orphan Actors (0.000 secs)
[2019.04.11-11.02.10:144][  0]Cmd: MAP CHECKDEP NOCLEARLOG
[2019.04.11-11.02.10:145][  0]MapCheck: Map check complete: 0 Error(s), 0 Warning(s), took 0,757ms to complete.
[2019.04.11-11.02.10:145][  0]LogFileHelpers: Loading map 'TIR' took 1.202
[2019.04.11-11.02.10:281][  0]LogSlate: Updating window title bar state: overlay mode, drag disabled, window buttons hidden, title bar hidden
[2019.04.11-11.02.10:293][  0]LogSlate: Updating window title bar state: overlay mode, drag disabled, window buttons hidden, title bar hidden
[2019.04.11-11.02.10:302][  0]LogSlate: Updating window title bar state: overlay mode, drag disabled, window buttons hidden, title bar hidden
[2019.04.11-11.02.10:312][  0]LogSlate: Updating window title bar state: overlay mode, drag disabled, window buttons hidden, title bar hidden
[2019.04.11-11.02.10:328][  0]LogCollectionManager: Loaded 0 collections in 0.004614 seconds
[2019.04.11-11.02.10:372][  0]LogFileCache: Scanning file cache for directory 'C:/REP/UE4/VR_TIR/TIR/Saved/Collections/' took 0.01s
[2019.04.11-11.02.10:372][  0]LogFileCache: Scanning file cache for directory 'C:/REP/UE4/VR_TIR/TIR/Content/Developers/mKimp/Collections/' took 0.01s
[2019.04.11-11.02.10:372][  0]LogFileCache: Scanning file cache for directory 'C:/REP/UE4/VR_TIR/TIR/Content/Collections/' took 0.01s
[2019.04.11-11.02.10:372][  0]LogCollectionManager: Rebuilt the GUID cache for 0 collections in 0.000001 seconds
[2019.04.11-11.02.10:384][  0]LogContentBrowser: Native class hierarchy populated in 0.0123 seconds. Added 2718 classes and 658 folders.
[2019.04.11-11.02.10:398][  0]LogContentBrowser: Native class hierarchy updated for 'WidgetCarousel' in 0.0005 seconds. Added 0 classes and 0 folders.
[2019.04.11-11.02.10:404][  0]LogPakFile: Registered encryption key '00000000000000000000000000000000': 0 pak files mounted, 0 remain pending
[2019.04.11-11.02.10:406][  0]LogPakFile: Registered encryption key '00000000000000000000000000000000': 0 pak files mounted, 0 remain pending
[2019.04.11-11.02.10:408][  0]LogPakFile: Registered encryption key '00000000000000000000000000000000': 0 pak files mounted, 0 remain pending
[2019.04.11-11.02.10:409][  0]LogPakFile: Registered encryption key '00000000000000000000000000000000': 0 pak files mounted, 0 remain pending
[2019.04.11-11.02.10:409][  0]LogPakFile: Registered encryption key '00000000000000000000000000000000': 0 pak files mounted, 0 remain pending
[2019.04.11-11.02.10:410][  0]LogPakFile: Registered encryption key '00000000000000000000000000000000': 0 pak files mounted, 0 remain pending
[2019.04.11-11.02.10:411][  0]LogPakFile: Registered encryption key '00000000000000000000000000000000': 0 pak files mounted, 0 remain pending
[2019.04.11-11.02.10:412][  0]LogPakFile: Registered encryption key '00000000000000000000000000000000': 0 pak files mounted, 0 remain pending
[2019.04.11-11.02.10:413][  0]LogPakFile: Registered encryption key '00000000000000000000000000000000': 0 pak files mounted, 0 remain pending
[2019.04.11-11.02.10:414][  0]LogPakFile: Registered encryption key '00000000000000000000000000000000': 0 pak files mounted, 0 remain pending
[2019.04.11-11.02.10:415][  0]LogPakFile: Registered encryption key '00000000000000000000000000000000': 0 pak files mounted, 0 remain pending
[2019.04.11-11.02.10:416][  0]LogPakFile: Registered encryption key '00000000000000000000000000000000': 0 pak files mounted, 0 remain pending
[2019.04.11-11.02.10:418][  0]LogPakFile: Registered encryption key '00000000000000000000000000000000': 0 pak files mounted, 0 remain pending
[2019.04.11-11.02.10:420][  0]LogPakFile: Registered encryption key '00000000000000000000000000000000': 0 pak files mounted, 0 remain pending
[2019.04.11-11.02.10:422][  0]LogPakFile: Registered encryption key '00000000000000000000000000000000': 0 pak files mounted, 0 remain pending
[2019.04.11-11.02.10:424][  0]LogPakFile: Registered encryption key '00000000000000000000000000000000': 0 pak files mounted, 0 remain pending
[2019.04.11-11.02.10:426][  0]LogPakFile: Registered encryption key '00000000000000000000000000000000': 0 pak files mounted, 0 remain pending
[2019.04.11-11.02.10:427][  0]LogPakFile: Registered encryption key '00000000000000000000000000000000': 0 pak files mounted, 0 remain pending
[2019.04.11-11.02.10:429][  0]LogPakFile: Registered encryption key '00000000000000000000000000000000': 0 pak files mounted, 0 remain pending
[2019.04.11-11.02.10:430][  0]LogPakFile: Registered encryption key '00000000000000000000000000000000': 0 pak files mounted, 0 remain pending
[2019.04.11-11.02.10:431][  0]LogPakFile: Registered encryption key '00000000000000000000000000000000': 0 pak files mounted, 0 remain pending
[2019.04.11-11.02.10:432][  0]LogPakFile: Registered encryption key '00000000000000000000000000000000': 0 pak files mounted, 0 remain pending
[2019.04.11-11.02.10:433][  0]LogPakFile: Registered encryption key '00000000000000000000000000000000': 0 pak files mounted, 0 remain pending
[2019.04.11-11.02.10:435][  0]LogPakFile: Registered encryption key '00000000000000000000000000000000': 0 pak files mounted, 0 remain pending
[2019.04.11-11.02.10:436][  0]LogPakFile: Registered encryption key '00000000000000000000000000000000': 0 pak files mounted, 0 remain pending
[2019.04.11-11.02.10:437][  0]LogPakFile: Registered encryption key '00000000000000000000000000000000': 0 pak files mounted, 0 remain pending
[2019.04.11-11.02.10:439][  0]LogPakFile: Registered encryption key '00000000000000000000000000000000': 0 pak files mounted, 0 remain pending
[2019.04.11-11.02.10:440][  0]LogPakFile: Registered encryption key '00000000000000000000000000000000': 0 pak files mounted, 0 remain pending
[2019.04.11-11.02.10:572][  0]LogContentBrowser: Native class hierarchy updated for 'AddContentDialog' in 0.0005 seconds. Added 0 classes and 0 folders.
[2019.04.11-11.02.10:582][  0]LogContentBrowser: Native class hierarchy updated for 'SceneOutliner' in 0.0007 seconds. Added 1 classes and 2 folders.
[2019.04.11-11.02.10:601][  0]LogSlate: Took 0.002104 seconds to synchronously load lazily loaded font '../../../Engine/Content/Slate/Fonts/Roboto-Regular.ttf' (155K)
[2019.04.11-11.02.10:604][  0]LogSlate: Took 0.000901 seconds to synchronously load lazily loaded font '../../../Engine/Content/Slate/Fonts/Roboto-Bold.ttf' (160K)
[2019.04.11-11.02.10:612][  0]LogSlate: Took 0.001382 seconds to synchronously load lazily loaded font '../../../Engine/Content/Editor/Slate/Fonts/FontAwesome.ttf' (139K)
[2019.04.11-11.02.10:728][  0]LogRenderer: Reallocating scene render targets to support 256x256 Format 10 NumSamples 1 (Frame:1).
[2019.04.11-11.02.10:734][  0]LogRenderer: Reallocating scene render targets to support 1616x576 Format 10 NumSamples 1 (Frame:1).
[2019.04.11-11.02.10:786][  0]LogSlate: Took 0.000989 seconds to synchronously load lazily loaded font '../../../Engine/Content/Slate/Fonts/Roboto-Light.ttf' (167K)
[2019.04.11-11.02.10:902][  0]LogContentBrowser: Native class hierarchy updated for 'HierarchicalLODOutliner' in 0.0006 seconds. Added 0 classes and 0 folders.
[2019.04.11-11.02.10:902][  0]LogLoad: (Engine Initialization) Total time: 19.26 seconds
[2019.04.11-11.02.10:902][  0]LogLoad: (Engine Initialization) Total Blueprint compile time: 0.00 seconds
[2019.04.11-11.02.10:912][  0]LogWindowsTextInputMethodSystem: Display: IME system now deactivated.
[2019.04.11-11.02.10:960][  0]LogContentStreaming: Texture pool size now 1000 MB
[2019.04.11-11.02.11:315][  5]LogAssetRegistry: Asset discovery search completed in 12.9862 seconds
[2019.04.11-11.02.11:317][  5]LogCollectionManager: Rebuilt the object cache for 0 collections in 0.000000 seconds (found 0 objects)
[2019.04.11-11.02.11:317][  5]LogCollectionManager: Fixed up redirectors for 0 collections in 0.000085 seconds (updated 0 objects)
[2019.04.11-11.02.11:940][ 66]LogSlate: Took 0.000285 seconds to synchronously load lazily loaded font '../../../Engine/Content/Slate/Fonts/Roboto-Light.ttf' (167K)
[2019.04.11-11.02.25:827][552]LogSlate: FSceneViewport::OnFocusLost() reason 0
[2019.04.11-11.02.25:962][564]LogSlate: New Slate User Created.  User Index 8, Is Virtual User: 1
[2019.04.11-11.02.25:962][564]LogSlate: Slate User Registered.  User Index 8, Is Virtual User: 1
[2019.04.11-11.02.29:589][763]LogAssetEditorManager: Opening Asset editor for Blueprint /Game/Blueprints/VrGameMode.VrGameMode
[2019.04.11-11.02.30:199][763]LogContentBrowser: Native class hierarchy updated for 'BlueprintGraph' in 0.0009 seconds. Added 117 classes and 0 folders.
[2019.04.11-11.02.31:374][763]LogSlate: Took 0.000874 seconds to synchronously load lazily loaded font '../../../Engine/Content/Slate/Fonts/Roboto-BoldCondensed.ttf' (158K)
[2019.04.11-11.02.31:499][764]LogSlate: Took 0.000943 seconds to synchronously load lazily loaded font '../../../Engine/Content/Slate/Fonts/Roboto-Italic.ttf' (157K)
[2019.04.11-11.02.37:759][269]LogAssetEditorManager: Opening Asset editor for Blueprint /Game/Blueprints/VR_Pawn.VR_Pawn
[2019.04.11-11.02.43:601][622]LogAssetEditorManager: Opening Asset editor for Blueprint /Game/Blueprints/Generator.Generator
[2019.04.11-11.02.43:992][622]LogScript: Warning: Script Msg: Attempted to access index 0 from array 'CallFunc_GetAllActorsOfClass_OutActors' of length 0 in '/Game/Blueprints/Generator.Generator_C:SpawnActors'!
[2019.04.11-11.02.43:992][622]LogScript: Warning: Accessed None trying to read property CallFunc_Array_Get_Item
	Generator_C /Engine/Transient.World_5:PersistentLevel.Generator_C_0
	Function /Game/Blueprints/Generator.Generator_C:SpawnActors:01CA
[2019.04.11-11.02.43:992][622]LogScript: Warning: Accessed None
	Generator_C /Engine/Transient.World_5:PersistentLevel.Generator_C_0
	Function /Game/Blueprints/Generator.Generator_C:SpawnActors:01DF
[2019.04.11-11.02.48:523][943]LogAssetEditorManager: Opening Asset editor for Blueprint /Game/Blueprints/Score_BP.Score_BP
[2019.04.11-11.02.57:814][835]BlueprintLog: New page: Compile Score_BP
[2019.04.11-11.02.58:081][835]LogScript: Warning: Script Msg: Attempted to access index 0 from array 'CallFunc_GetAllActorsOfClass_OutActors' of length 0 in '/Game/Blueprints/Generator.Generator_C:SpawnActors'!
[2019.04.11-11.02.58:081][835]LogScript: Warning: Accessed None trying to read property CallFunc_Array_Get_Item
	Generator_C /Game/Levels/Game.Game:PersistentLevel.Generator_2
	Function /Game/Blueprints/Generator.Generator_C:SpawnActors:01CA
[2019.04.11-11.02.58:081][835]LogScript: Warning: Accessed None
	Generator_C /Game/Levels/Game.Game:PersistentLevel.Generator_2
	Function /Game/Blueprints/Generator.Generator_C:SpawnActors:01DF
[2019.04.11-11.02.58:086][835]LogScript: Warning: Script Msg: Attempted to access index 0 from array 'CallFunc_GetAllActorsOfClass_OutActors' of length 0 in '/Game/Blueprints/Generator.Generator_C:SpawnActors'!
[2019.04.11-11.02.58:086][835]LogScript: Warning: Accessed None trying to read property CallFunc_Array_Get_Item
	Generator_C /Engine/Transient.World_5:PersistentLevel.Generator_C_0
	Function /Game/Blueprints/Generator.Generator_C:SpawnActors:01CA
[2019.04.11-11.02.58:086][835]LogScript: Warning: Accessed None
	Generator_C /Engine/Transient.World_5:PersistentLevel.Generator_C_0
	Function /Game/Blueprints/Generator.Generator_C:SpawnActors:01DF
[2019.04.11-11.02.58:115][835]LogScript: Warning: Script Msg: Attempted to access index 0 from array 'CallFunc_GetAllActorsOfClass_OutActors' of length 0 in '/Game/Blueprints/Generator.Generator_C:SpawnActors'!
[2019.04.11-11.02.58:115][835]LogScript: Warning: Accessed None trying to read property CallFunc_Array_Get_Item
	Generator_C /Game/Levels/Game.Game:PersistentLevel.Generator_2
	Function /Game/Blueprints/Generator.Generator_C:SpawnActors:01CA
[2019.04.11-11.02.58:116][835]LogScript: Warning: Accessed None
	Generator_C /Game/Levels/Game.Game:PersistentLevel.Generator_2
	Function /Game/Blueprints/Generator.Generator_C:SpawnActors:01DF
[2019.04.11-11.02.58:120][835]LogScript: Warning: Script Msg: Attempted to access index 0 from array 'CallFunc_GetAllActorsOfClass_OutActors' of length 0 in '/Game/Blueprints/Generator.Generator_C:SpawnActors'!
[2019.04.11-11.02.58:120][835]LogScript: Warning: Accessed None trying to read property CallFunc_Array_Get_Item
	Generator_C /Engine/Transient.World_5:PersistentLevel.Generator_C_0
	Function /Game/Blueprints/Generator.Generator_C:SpawnActors:01CA
[2019.04.11-11.02.58:120][835]LogScript: Warning: Accessed None
	Generator_C /Engine/Transient.World_5:PersistentLevel.Generator_C_0
	Function /Game/Blueprints/Generator.Generator_C:SpawnActors:01DF
[2019.04.11-11.03.00:757][990]LogSlate: Window 'Save Content' being destroyed
[2019.04.11-11.03.00:787][990]Cmd: OBJ SAVEPACKAGE PACKAGE="/Game/Blueprints/Score_BP" FILE="../../../../../../REP/UE4/VR_TIR/TIR/Content/Blueprints/Score_BP.uasset" SILENT=true
[2019.04.11-11.03.00:921][990]LogSavePackage: Moving '../../../../../../REP/UE4/VR_TIR/TIR/Saved/Score_BPD6FF2EDD4EDB91454899A5B5B56B9F25.tmp' to '../../../../../../REP/UE4/VR_TIR/TIR/Content/Blueprints/Score_BP.uasset'
[2019.04.11-11.03.00:928][990]Cmd: OBJ SAVEPACKAGE PACKAGE="/Game/Levels/Game" FILE="../../../../../../REP/UE4/VR_TIR/TIR/Content/Levels/Game.umap" SILENT=true AUTOSAVING=false KEEPDIRTY=false
[2019.04.11-11.03.01:063][990]LogSpawn: Warning: UWorld::DestroyActor: World has no context! World: Game, Actor: /Game/Levels/Game.Game:PersistentLevel.REINST_Game_C_0
[2019.04.11-11.03.01:222][990]LogSpawn: Warning: UWorld::DestroyActor: World has no context! World: Game, Actor: /Game/Levels/Game.Game:PersistentLevel.DESTROYED_Target_BP_C_CHILDACTOR_36
[2019.04.11-11.03.01:222][990]LogSpawn: Warning: UWorld::DestroyActor: World has no context! World: Game, Actor: /Game/Levels/Game.Game:PersistentLevel.DESTROYED_Target_BP_C_CHILDACTOR_37
[2019.04.11-11.03.01:223][990]LogSpawn: Warning: UWorld::DestroyActor: World has no context! World: Game, Actor: /Game/Levels/Game.Game:PersistentLevel.DESTROYED_Target_BP_C_CHILDACTOR_38
[2019.04.11-11.03.01:223][990]LogSpawn: Warning: UWorld::DestroyActor: World has no context! World: Game, Actor: /Game/Levels/Game.Game:PersistentLevel.DESTROYED_Target_BP_C_CHILDACTOR_39
[2019.04.11-11.03.01:223][990]LogSpawn: Warning: UWorld::DestroyActor: World has no context! World: Game, Actor: /Game/Levels/Game.Game:PersistentLevel.DESTROYED_Target_BP_C_CHILDACTOR_40
[2019.04.11-11.03.01:223][990]LogSpawn: Warning: UWorld::DestroyActor: World has no context! World: Game, Actor: /Game/Levels/Game.Game:PersistentLevel.DESTROYED_Target_BP_C_CHILDACTOR_41
[2019.04.11-11.03.01:226][990]LogScript: Warning: Script Msg: Attempted to access index 0 from array 'CallFunc_GetAllActorsOfClass_OutActors' of length 0 in '/Game/Blueprints/Generator.Generator_C:SpawnActors'!
[2019.04.11-11.03.01:226][990]LogScript: Warning: Accessed None trying to read property CallFunc_Array_Get_Item
	Generator_C /Game/Levels/Game.Game:PersistentLevel.Generator_2
	Function /Game/Blueprints/Generator.Generator_C:SpawnActors:01CA
[2019.04.11-11.03.01:226][990]LogScript: Warning: Accessed None
	Generator_C /Game/Levels/Game.Game:PersistentLevel.Generator_2
	Function /Game/Blueprints/Generator.Generator_C:SpawnActors:01DF
[2019.04.11-11.03.01:258][990]LogSavePackage: Moving '../../../../../../REP/UE4/VR_TIR/TIR/Saved/Game9FB0B5774408CFC7BFABCBA9F643E8CF.tmp' to '../../../../../../REP/UE4/VR_TIR/TIR/Content/Levels/Game.umap'
[2019.04.11-11.03.01:260][990]LogSpawn: Warning: UWorld::DestroyActor: World has no context! World: Game, Actor: /Game/Levels/Game.Game:PersistentLevel.DESTROYED_Target_BP_C_CHILDACTOR_48
[2019.04.11-11.03.01:260][990]LogSpawn: Warning: UWorld::DestroyActor: World has no context! World: Game, Actor: /Game/Levels/Game.Game:PersistentLevel.DESTROYED_Target_BP_C_CHILDACTOR_49
[2019.04.11-11.03.01:261][990]LogSpawn: Warning: UWorld::DestroyActor: World has no context! World: Game, Actor: /Game/Levels/Game.Game:PersistentLevel.DESTROYED_Target_BP_C_CHILDACTOR_50
[2019.04.11-11.03.01:261][990]LogSpawn: Warning: UWorld::DestroyActor: World has no context! World: Game, Actor: /Game/Levels/Game.Game:PersistentLevel.DESTROYED_Target_BP_C_CHILDACTOR_51
[2019.04.11-11.03.01:261][990]LogSpawn: Warning: UWorld::DestroyActor: World has no context! World: Game, Actor: /Game/Levels/Game.Game:PersistentLevel.DESTROYED_Target_BP_C_CHILDACTOR_52
[2019.04.11-11.03.01:261][990]LogSpawn: Warning: UWorld::DestroyActor: World has no context! World: Game, Actor: /Game/Levels/Game.Game:PersistentLevel.DESTROYED_Target_BP_C_CHILDACTOR_53
[2019.04.11-11.03.01:263][990]LogFileHelpers: Saving map 'Game' took 0.336
[2019.04.11-11.03.01:419][990]LogActorComponent: UnregisterComponent: (/Engine/Transient.EditorFloorComp) Not registered. Aborting.
[2019.04.11-11.03.01:482][990]LogActorComponent: UnregisterComponent: (/Engine/Transient.EditorFloorComp) Not registered. Aborting.
[2019.04.11-11.03.01:550][990]LogActorComponent: UnregisterComponent: (/Engine/Transient.EditorFloorComp) Not registered. Aborting.
[2019.04.11-11.03.01:604][990]LogSlate: Window 'TIR - Unreal Editor' being destroyed
[2019.04.11-11.03.01:605][990]LogWindowsTextInputMethodSystem: Display: IME system now deactivated.
[2019.04.11-11.03.01:814][991]Cmd: QUIT_EDITOR
[2019.04.11-11.03.01:847][991]LogExit: Preparing to exit.
[2019.04.11-11.03.02:283][991]LogExit: Editor shut down
[2019.04.11-11.03.02:283][991]LogExit: Transaction tracking system shut down
[2019.04.11-11.03.02:588][991]LogExit: Object subsystem successfully closed.
[2019.04.11-11.03.02:682][991]LogShaderCompilers: Display: Shaders left to compile 0
[2019.04.11-11.03.02:686][991]LogD3D11RHI: Shutdown
[2019.04.11-11.03.02:686][991]LogD3D11RHI: CleanupD3DDevice
[2019.04.11-11.03.02:714][991]LogD3D11RHI: ~FD3D11DynamicRHI
[2019.04.11-11.03.02:767][991]LogModuleManager: Shutting down and abandoning module BlueprintGraph (652)
[2019.04.11-11.03.02:767][991]LogModuleManager: Shutting down and abandoning module HierarchicalLODOutliner (650)
[2019.04.11-11.03.02:767][991]LogModuleManager: Shutting down and abandoning module SceneOutliner (648)
[2019.04.11-11.03.02:767][991]LogModuleManager: Shutting down and abandoning module AddContentDialog (646)
[2019.04.11-11.03.02:767][991]LogModuleManager: Shutting down and abandoning module WidgetCarousel (645)
[2019.04.11-11.03.02:767][991]LogModuleManager: Shutting down and abandoning module EditorWidgets (642)
[2019.04.11-11.03.02:767][991]LogModuleManager: Shutting down and abandoning module CollectionManager (640)
[2019.04.11-11.03.02:768][991]LogModuleManager: Shutting down and abandoning module StatsViewer (638)
[2019.04.11-11.03.02:768][991]LogModuleManager: Shutting down and abandoning module FoliageEdit (636)
[2019.04.11-11.03.02:768][991]LogModuleManager: Shutting down and abandoning module LandscapeEditor (634)
[2019.04.11-11.03.02:768][991]LogModuleManager: Shutting down and abandoning module MeshPaintMode (632)
[2019.04.11-11.03.02:768][991]LogModuleManager: Shutting down and abandoning module SceneDepthPickerMode (630)
[2019.04.11-11.03.02:768][991]LogModuleManager: Shutting down and abandoning module ActorPickerMode (628)
[2019.04.11-11.03.02:768][991]LogModuleManager: Shutting down and abandoning module GeometryMode (626)
[2019.04.11-11.03.02:768][991]LogModuleManager: Shutting down and abandoning module TextureAlignMode (624)
[2019.04.11-11.03.02:768][991]LogModuleManager: Shutting down and abandoning module BspMode (622)
[2019.04.11-11.03.02:768][991]LogModuleManager: Shutting down and abandoning module PIEPreviewDeviceProfileSelector (620)
[2019.04.11-11.03.02:768][991]LogModuleManager: Shutting down and abandoning module SequenceRecorderSections (618)
[2019.04.11-11.03.02:768][991]LogModuleManager: Shutting down and abandoning module AutomationWorker (616)
[2019.04.11-11.03.02:768][991]LogModuleManager: Shutting down and abandoning module DatasmithFBXImporter (614)
[2019.04.11-11.03.02:768][991]LogModuleManager: Shutting down and abandoning module DatasmithDeltaGenImporter (612)
[2019.04.11-11.03.02:768][991]LogModuleManager: Shutting down and abandoning module DatasmithVREDImporter (610)
[2019.04.11-11.03.02:768][991]LogModuleManager: Shutting down and abandoning module AudioCaptureEditor (608)
[2019.04.11-11.03.02:768][991]LogModuleManager: Shutting down and abandoning module MatineeToLevelSequence (606)
[2019.04.11-11.03.02:768][991]LogModuleManager: Shutting down and abandoning module LevelSequenceEditor (604)
[2019.04.11-11.03.02:768][991]LogModuleManager: Shutting down and abandoning module PlacementMode (603)
[2019.04.11-11.03.02:768][991]LogModuleManager: Shutting down and abandoning module MaterialEditor (602)
[2019.04.11-11.03.02:768][991]LogModuleManager: Shutting down and abandoning module WmfMediaFactory (598)
[2019.04.11-11.03.02:768][991]LogModuleManager: Shutting down and abandoning module WmfMediaEditor (596)
[2019.04.11-11.03.02:769][991]LogModuleManager: Shutting down and abandoning module WebMMediaFactory (594)
[2019.04.11-11.03.02:769][991]LogModuleManager: Shutting down and abandoning module WebMMediaEditor (592)
[2019.04.11-11.03.02:769][991]LogModuleManager: Shutting down and abandoning module WebMMedia (590)
[2019.04.11-11.03.02:769][991]LogModuleManager: Shutting down and abandoning module MediaPlayerEditor (588)
[2019.04.11-11.03.02:769][991]LogModuleManager: Shutting down and abandoning module MediaCompositingEditor (586)
[2019.04.11-11.03.02:769][991]LogModuleManager: Shutting down and abandoning module SequenceRecorder (585)
[2019.04.11-11.03.02:769][991]LogModuleManager: Shutting down and abandoning module OpenExrWrapper (582)
[2019.04.11-11.03.02:769][991]LogModuleManager: Shutting down and abandoning module ImgMediaFactory (580)
[2019.04.11-11.03.02:769][991]LogModuleManager: Shutting down and abandoning module ImgMediaEditor (578)
[2019.04.11-11.03.02:769][991]LogModuleManager: Shutting down and abandoning module AvfMediaFactory (576)
[2019.04.11-11.03.02:769][991]LogModuleManager: Shutting down and abandoning module AvfMediaEditor (574)
[2019.04.11-11.03.02:769][991]LogModuleManager: Shutting down and abandoning module AndroidMediaFactory (572)
[2019.04.11-11.03.02:769][991]LogModuleManager: Shutting down and abandoning module AndroidMediaEditor (570)
[2019.04.11-11.03.02:769][991]LogModuleManager: Shutting down and abandoning module MagicLeapCameraPreviewFactory (568)
[2019.04.11-11.03.02:769][991]LogModuleManager: Shutting down and abandoning module MagicLeapMediaFactory (566)
[2019.04.11-11.03.02:769][991]LogModuleManager: Shutting down and abandoning module MagicLeapMediaEditor (564)
[2019.04.11-11.03.02:769][991]LogModuleManager: Shutting down and abandoning module CharacterAI (562)
[2019.04.11-11.03.02:769][991]LogModuleManager: Shutting down and abandoning module SmartSnapping (560)
[2019.04.11-11.03.02:769][991]LogModuleManager: Shutting down and abandoning module SessionServices (558)
[2019.04.11-11.03.02:769][991]LogModuleManager: Shutting down and abandoning module ViewportSnapping (556)
[2019.04.11-11.03.02:769][991]LogModuleManager: Shutting down and abandoning module ViewportInteraction (554)
[2019.04.11-11.03.02:769][991]LogModuleManager: Shutting down and abandoning module ClothPainter (552)
[2019.04.11-11.03.02:769][991]LogModuleManager: Shutting down and abandoning module SkeletalMeshEditor (551)
[2019.04.11-11.03.02:769][991]LogModuleManager: Shutting down and abandoning module LogVisualizer (548)
[2019.04.11-11.03.02:769][991]LogModuleManager: Shutting down and abandoning module IntroTutorials (546)
[2019.04.11-11.03.02:769][991]LogModuleManager: Shutting down and abandoning module GameProjectGeneration (545)
[2019.04.11-11.03.02:769][991]LogModuleManager: Shutting down and abandoning module LuminPlatformEditor (542)
[2019.04.11-11.03.02:769][991]LogModuleManager: Shutting down and abandoning module IOSPlatformEditor (540)
[2019.04.11-11.03.02:769][991]LogModuleManager: Shutting down and abandoning module HTML5PlatformEditor (538)
[2019.04.11-11.03.02:769][991]LogModuleManager: Shutting down and abandoning module AndroidPlatformEditor (536)
[2019.04.11-11.03.02:769][991]LogModuleManager: Shutting down and abandoning module AndroidDeviceDetection (535)
[2019.04.11-11.03.03:832][991]LogModuleManager: Shutting down and abandoning module WindowsPlatformEditor (532)
[2019.04.11-11.03.03:835][991]LogModuleManager: Shutting down and abandoning module LuminRuntimeSettings (530)
[2019.04.11-11.03.03:836][991]LogModuleManager: Shutting down and abandoning module IOSRuntimeSettings (528)
[2019.04.11-11.03.03:837][991]LogModuleManager: Shutting down and abandoning module AndroidRuntimeSettings (526)
[2019.04.11-11.03.03:837][991]LogModuleManager: Shutting down and abandoning module TimeManagementEditor (524)
[2019.04.11-11.03.03:837][991]LogModuleManager: Shutting down and abandoning module InputBindingEditor (522)
[2019.04.11-11.03.03:837][991]LogModuleManager: Shutting down and abandoning module MergeActors (520)
[2019.04.11-11.03.03:837][991]LogModuleManager: Shutting down and abandoning module LocalizationDashboard (518)
[2019.04.11-11.03.03:838][991]LogModuleManager: Shutting down and abandoning module LocalizationService (517)
[2019.04.11-11.03.03:852][991]LogModuleManager: Shutting down and abandoning module HardwareTargeting (514)
[2019.04.11-11.03.03:852][991]LogModuleManager: Shutting down and abandoning module DeviceProfileEditor (512)
[2019.04.11-11.03.03:852][991]LogModuleManager: Shutting down and abandoning module UndoHistory (510)
[2019.04.11-11.03.03:852][991]LogModuleManager: Shutting down and abandoning module XmlParser (508)
[2019.04.11-11.03.03:852][991]LogModuleManager: Shutting down and abandoning module Blutility (506)
[2019.04.11-11.03.03:853][991]LogModuleManager: Shutting down and abandoning module ProjectSettingsViewer (504)
[2019.04.11-11.03.03:853][991]LogModuleManager: Shutting down and abandoning module ProjectTargetPlatformEditor (503)
[2019.04.11-11.03.03:853][991]LogModuleManager: Shutting down and abandoning module EditorSettingsViewer (500)
[2019.04.11-11.03.03:853][991]LogModuleManager: Shutting down and abandoning module SettingsEditor (498)
[2019.04.11-11.03.03:854][991]LogModuleManager: Shutting down and abandoning module ProjectLauncher (496)
[2019.04.11-11.03.03:854][991]LogModuleManager: Shutting down and abandoning module SessionFrontend (494)
[2019.04.11-11.03.03:854][991]LogModuleManager: Shutting down and abandoning module ProfilerClient (492)
[2019.04.11-11.03.03:854][991]LogModuleManager: Shutting down and abandoning module DeviceManager (490)
[2019.04.11-11.03.03:854][991]LogModuleManager: Shutting down and abandoning module TargetDeviceServices (489)
[2019.04.11-11.03.03:910][991]LogModuleManager: Shutting down and abandoning module AutomationController (486)
[2019.04.11-11.03.03:910][991]LogModuleManager: Shutting down and abandoning module AutomationWindow (484)
[2019.04.11-11.03.03:911][991]LogModuleManager: Shutting down and abandoning module Layers (482)
[2019.04.11-11.03.03:913][991]LogModuleManager: Shutting down and abandoning module ComponentVisualizers (480)
[2019.04.11-11.03.03:913][991]LogModuleManager: Shutting down and abandoning module DetailCustomizations (478)
[2019.04.11-11.03.03:913][991]LogModuleManager: Shutting down and abandoning module PackagesDialog (476)
[2019.04.11-11.03.03:915][991]LogModuleManager: Shutting down and abandoning module Persona (474)
[2019.04.11-11.03.03:915][991]LogModuleManager: Shutting down and abandoning module AnimGraph (473)
[2019.04.11-11.03.03:915][991]LogModuleManager: Shutting down and abandoning module Kismet (470)
[2019.04.11-11.03.03:922][991]LogModuleManager: Shutting down and abandoning module GraphEditor (468)
[2019.04.11-11.03.03:922][991]LogModuleManager: Shutting down and abandoning module ClassViewer (466)
[2019.04.11-11.03.03:922][991]LogModuleManager: Shutting down and abandoning module Toolbox (464)
[2019.04.11-11.03.03:922][991]LogModuleManager: Shutting down and abandoning module DesktopPlatform (463)
[2019.04.11-11.03.03:922][991]LogModuleManager: Shutting down and abandoning module ModuleUI (460)
[2019.04.11-11.03.03:922][991]LogModuleManager: Shutting down and abandoning module MovieSceneTools (458)
[2019.04.11-11.03.03:922][991]LogModuleManager: Shutting down and abandoning module OutputLog (456)
[2019.04.11-11.03.03:922][991]LogModuleManager: Shutting down and abandoning module GammaUI (454)
[2019.04.11-11.03.03:922][991]LogModuleManager: Shutting down and abandoning module Documentation (452)
[2019.04.11-11.03.03:922][991]LogModuleManager: Shutting down and abandoning module MovieSceneTracks (450)
[2019.04.11-11.03.03:922][991]LogModuleManager: Shutting down and abandoning module MovieScene (448)
[2019.04.11-11.03.03:922][991]LogModuleManager: Shutting down and abandoning module StreamingPauseRendering (446)
[2019.04.11-11.03.03:922][991]LogModuleManager: Shutting down and abandoning module LauncherPlatform (444)
[2019.04.11-11.03.03:922][991]LogModuleManager: Shutting down and abandoning module AnalyticsET (442)
[2019.04.11-11.03.03:922][991]LogModuleManager: Shutting down and abandoning module PortalServices (440)
[2019.04.11-11.03.03:922][991]LogModuleManager: Shutting down and abandoning module PortalRpc (438)
[2019.04.11-11.03.03:922][991]LogModuleManager: Shutting down and abandoning module MessagingRpc (436)
[2019.04.11-11.03.03:922][991]LogModuleManager: Shutting down and abandoning module AIModule (434)
[2019.04.11-11.03.03:923][991]LogModuleManager: Shutting down and abandoning module GameplayDebugger (433)
[2019.04.11-11.03.03:923][991]LogModuleManager: Shutting down and abandoning module AITestSuite (431)
[2019.04.11-11.03.03:923][991]LogModuleManager: Shutting down and abandoning module NavigationSystem (429)
[2019.04.11-11.03.03:923][991]LogModuleManager: Shutting down and abandoning module ImageWriteQueue (426)
[2019.04.11-11.03.03:926][991]LogModuleManager: Shutting down and abandoning module ProfilerService (424)
[2019.04.11-11.03.03:982][991]LogModuleManager: Shutting down and abandoning module TaskGraph (422)
[2019.04.11-11.03.03:982][991]LogModuleManager: Shutting down and abandoning module DatasmithCADImporter (420)
[2019.04.11-11.03.03:983][991]LogModuleManager: Shutting down and abandoning module VariantManager (418)
[2019.04.11-11.03.03:983][991]LogModuleManager: Shutting down and abandoning module StaticMeshEditorExtension (416)
[2019.04.11-11.03.03:983][991]LogModuleManager: Shutting down and abandoning module StaticMeshEditor (415)
[2019.04.11-11.03.03:983][991]LogModuleManager: Shutting down and abandoning module AdvancedPreviewScene (414)
[2019.04.11-11.03.03:983][991]LogModuleManager: Shutting down and abandoning module MeshProcessingLibrary (411)
[2019.04.11-11.03.03:983][991]LogModuleManager: Shutting down and abandoning module MDLImporter (408)
[2019.04.11-11.03.03:983][991]LogModuleManager: Shutting down and abandoning module DatasmithImporter (406)
[2019.04.11-11.03.03:983][991]LogModuleManager: Shutting down and abandoning module SteamVRController (404)
[2019.04.11-11.03.03:983][991]LogModuleManager: Shutting down and abandoning module ProceduralMeshComponentEditor (402)
[2019.04.11-11.03.03:983][991]LogModuleManager: Shutting down and abandoning module ProceduralMeshComponent (400)
[2019.04.11-11.03.03:983][991]LogModuleManager: Shutting down and abandoning module OculusInput (398)
[2019.04.11-11.03.03:983][991]LogModuleManager: Shutting down and abandoning module MobilePatchingUtils (396)
[2019.04.11-11.03.03:983][991]LogModuleManager: Shutting down and abandoning module EditableMesh (394)
[2019.04.11-11.03.03:983][991]LogModuleManager: Shutting down and abandoning module CustomMeshComponent (392)
[2019.04.11-11.03.03:983][991]LogModuleManager: Shutting down and abandoning module CableComponent (390)
[2019.04.11-11.03.03:983][991]LogModuleManager: Shutting down and abandoning module AudioCapture (388)
[2019.04.11-11.03.03:983][991]LogModuleManager: Shutting down and abandoning module ArchVisCharacter (386)
[2019.04.11-11.03.03:984][991]LogModuleManager: Shutting down and abandoning module AndroidPermission (384)
[2019.04.11-11.03.03:984][991]LogModuleManager: Shutting down and abandoning module NUTUnrealEngine4 (382)
[2019.04.11-11.03.03:984][991]LogModuleManager: Shutting down and abandoning module NetcodeUnitTest (380)
[2019.04.11-11.03.03:984][991]LogModuleManager: Shutting down and abandoning module MediaCompositing (378)
[2019.04.11-11.03.03:984][991]LogModuleManager: Shutting down and abandoning module LinearTimecode (376)
[2019.04.11-11.03.03:984][991]LogModuleManager: Shutting down and abandoning module ImgMedia (374)
[2019.04.11-11.03.03:987][991]LogModuleManager: Shutting down and abandoning module HTML5Networking (372)
[2019.04.11-11.03.03:987][991]LogModuleManager: Shutting down and abandoning module GeometryCacheTracks (370)
[2019.04.11-11.03.03:987][991]LogModuleManager: Shutting down and abandoning module GeometryCacheSequencer (368)
[2019.04.11-11.03.03:987][991]LogModuleManager: Shutting down and abandoning module BackChannel (366)
[2019.04.11-11.03.03:987][991]LogModuleManager: Shutting down and abandoning module AppleVision (364)
[2019.04.11-11.03.03:987][991]LogModuleManager: Shutting down and abandoning module AppleImageUtilsBlueprintSupport (362)
[2019.04.11-11.03.03:987][991]LogModuleManager: Shutting down and abandoning module AppleImageUtils (360)
[2019.04.11-11.03.03:987][991]LogModuleManager: Shutting down and abandoning module AlembicImporter (358)
[2019.04.11-11.03.03:987][991]LogModuleManager: Shutting down and abandoning module AlembicLibrary (357)
[2019.04.11-11.03.03:987][991]LogModuleManager: Shutting down and abandoning module GeometryCache (356)
[2019.04.11-11.03.03:987][991]LogModuleManager: Shutting down and abandoning module GeometryCacheEd (355)
[2019.04.11-11.03.03:987][991]LogModuleManager: Shutting down and abandoning module VariantManagerContent (350)
[2019.04.11-11.03.03:987][991]LogModuleManager: Shutting down and abandoning module DatasmithContentEditor (348)
[2019.04.11-11.03.03:987][991]LogModuleManager: Shutting down and abandoning module SpeedTreeImporter (346)
[2019.04.11-11.03.03:987][991]LogModuleManager: Shutting down and abandoning module PluginBrowser (344)
[2019.04.11-11.03.03:987][991]LogModuleManager: Shutting down and abandoning module MobileLauncherProfileWizard (342)
[2019.04.11-11.03.03:987][991]LogModuleManager: Shutting down and abandoning module PolygonModeling (340)
[2019.04.11-11.03.03:987][991]LogModuleManager: Shutting down and abandoning module MeshEditor (338)
[2019.04.11-11.03.03:988][991]LogModuleManager: Shutting down and abandoning module EditorScriptingUtilities (336)
[2019.04.11-11.03.03:988][991]LogModuleManager: Shutting down and abandoning module CryptoKeysOpenSSL (334)
[2019.04.11-11.03.03:988][991]LogModuleManager: Shutting down and abandoning module CryptoKeys (332)
[2019.04.11-11.03.03:988][991]LogModuleManager: Shutting down and abandoning module VisualStudioSourceCodeAccess (330)
[2019.04.11-11.03.03:988][991]LogModuleManager: Shutting down and abandoning module VisualStudioCodeSourceCodeAccess (328)
[2019.04.11-11.03.03:988][991]LogModuleManager: Shutting down and abandoning module UObjectPlugin (326)
[2019.04.11-11.03.03:988][991]LogModuleManager: Shutting down and abandoning module SubversionSourceControl (324)
[2019.04.11-11.03.03:988][991]LogModuleManager: Shutting down and abandoning module PerforceSourceControl (322)
[2019.04.11-11.03.03:988][991]LogModuleManager: Shutting down and abandoning module GitSourceControl (320)
[2019.04.11-11.03.03:988][991]LogModuleManager: Shutting down and abandoning module SourceControl (319)
[2019.04.11-11.03.03:988][991]LogModuleManager: Shutting down and abandoning module CLionSourceCodeAccess (316)
[2019.04.11-11.03.03:988][991]LogModuleManager: Shutting down and abandoning module ActorLayerUtilitiesEditor (314)
[2019.04.11-11.03.03:988][991]LogModuleManager: Shutting down and abandoning module ActorLayerUtilities (312)
[2019.04.11-11.03.03:988][991]LogModuleManager: Shutting down and abandoning module LightPropagationVolumeEditor (310)
[2019.04.11-11.03.03:988][991]LogModuleManager: Shutting down and abandoning module PaperTiledImporter (308)
[2019.04.11-11.03.03:988][991]LogModuleManager: Shutting down and abandoning module PaperSpriteSheetImporter (306)
[2019.04.11-11.03.03:988][991]LogModuleManager: Shutting down and abandoning module Paper2DEditor (304)
[2019.04.11-11.03.03:988][991]LogModuleManager: Shutting down and abandoning module MeshPaint (303)
[2019.04.11-11.03.03:988][991]LogModuleManager: Shutting down and abandoning module TIR (300)
[2019.04.11-11.03.03:988][991]LogModuleManager: Shutting down and abandoning module RuntimePhysXCooking (298)
[2019.04.11-11.03.03:988][991]LogModuleManager: Shutting down and abandoning module PhysXVehiclesEditor (296)
[2019.04.11-11.03.03:988][991]LogModuleManager: Shutting down and abandoning module PhysXVehicles (294)
[2019.04.11-11.03.03:988][991]LogModuleManager: Shutting down and abandoning module OculusEditor (292)
[2019.04.11-11.03.03:988][991]LogModuleManager: Shutting down and abandoning module LocationServicesBPLibrary (290)
[2019.04.11-11.03.03:988][991]LogModuleManager: Shutting down and abandoning module ApexDestructionEditor (288)
[2019.04.11-11.03.03:989][991]LogModuleManager: Shutting down and abandoning module ApexDestruction (286)
[2019.04.11-11.03.03:989][991]LogModuleManager: Shutting down and abandoning module ActorSequence (284)
[2019.04.11-11.03.03:989][991]LogModuleManager: Shutting down and abandoning module UdpMessaging (282)
[2019.04.11-11.03.04:090][991]LogModuleManager: Shutting down and abandoning module TcpMessaging (280)
[2019.04.11-11.03.04:190][991]LogModuleManager: Shutting down and abandoning module MagicLeapAudio (278)
[2019.04.11-11.03.04:190][991]LogModuleManager: Shutting down and abandoning module GameplayTagsEditor (276)
[2019.04.11-11.03.04:190][991]LogModuleManager: Shutting down and abandoning module FacialAnimationEditor (274)
[2019.04.11-11.03.04:190][991]LogModuleManager: Shutting down and abandoning module FacialAnimation (272)
[2019.04.11-11.03.04:190][991]LogModuleManager: Shutting down and abandoning module DataValidation (270)
[2019.04.11-11.03.04:190][991]LogModuleManager: Shutting down and abandoning module AssetManagerEditor (268)
[2019.04.11-11.03.04:190][991]LogModuleManager: Shutting down and abandoning module LevelEditor (267)
[2019.04.11-11.03.04:191][991]LogModuleManager: Shutting down and abandoning module PixelInspectorModule (266)
[2019.04.11-11.03.04:191][991]LogModuleManager: Shutting down and abandoning module CommonMenuExtensions (264)
[2019.04.11-11.03.04:191][991]LogModuleManager: Shutting down and abandoning module MainFrame (262)
[2019.04.11-11.03.04:192][991]LogModuleManager: Shutting down and abandoning module HotReload (261)
[2019.04.11-11.03.04:192][991]LogModuleManager: Shutting down and abandoning module ContentBrowser (257)
[2019.04.11-11.03.04:194][991]LogModuleManager: Shutting down and abandoning module TreeMap (255)
[2019.04.11-11.03.04:194][991]LogModuleManager: Shutting down and abandoning module LightPropagationVolumeRuntime (252)
[2019.04.11-11.03.04:194][991]LogModuleManager: Shutting down and abandoning module AISupportModule (250)
[2019.04.11-11.03.04:194][991]LogModuleManager: Shutting down and abandoning module Paper2D (248)
[2019.04.11-11.03.04:194][991]LogModuleManager: Shutting down and abandoning module WindowsMoviePlayer (246)
[2019.04.11-11.03.04:195][991]LogModuleManager: Shutting down and abandoning module WebMMoviePlayer (244)
[2019.04.11-11.03.04:195][991]LogModuleManager: Shutting down and abandoning module WmfMedia (242)
[2019.04.11-11.03.04:200][991]LogModuleManager: Shutting down and abandoning module Media (241)
[2019.04.11-11.03.04:209][991]LogModuleManager: Shutting down and abandoning module PacketHandler (238)
[2019.04.11-11.03.04:209][991]LogModuleManager: Shutting down and abandoning module ClothingSystemEditor (236)
[2019.04.11-11.03.04:209][991]LogModuleManager: Shutting down and abandoning module ClothingSystemRuntime (234)
[2019.04.11-11.03.04:209][991]LogModuleManager: Shutting down and abandoning module MediaAssets (232)
[2019.04.11-11.03.04:209][991]LogModuleManager: Shutting down and abandoning module Overlay (230)
[2019.04.11-11.03.04:209][991]LogModuleManager: Shutting down and abandoning module OverlayEditor (229)
[2019.04.11-11.03.04:209][991]LogModuleManager: Shutting down and abandoning module VREditor (226)
[2019.04.11-11.03.04:209][991]LogModuleManager: Shutting down and abandoning module StringTableEditor (224)
[2019.04.11-11.03.04:209][991]LogModuleManager: Shutting down and abandoning module GameplayTasksEditor (222)
[2019.04.11-11.03.04:209][991]LogModuleManager: Shutting down and abandoning module BehaviorTreeEditor (220)
[2019.04.11-11.03.04:209][991]LogModuleManager: Shutting down and abandoning module FunctionalTesting (218)
[2019.04.11-11.03.04:209][991]LogModuleManager: Shutting down and abandoning module CollisionAnalyzer (216)
[2019.04.11-11.03.04:209][991]LogModuleManager: Shutting down and abandoning module WorkspaceMenuStructure (215)
[2019.04.11-11.03.04:209][991]LogModuleManager: Shutting down and abandoning module UMG (212)
[2019.04.11-11.03.04:209][991]LogModuleManager: Shutting down and abandoning module UMGEditor (211)
[2019.04.11-11.03.04:209][991]LogModuleManager: Shutting down and abandoning module Sequencer (210)
[2019.04.11-11.03.04:209][991]LogModuleManager: Shutting down and abandoning module MessageLog (207)
[2019.04.11-11.03.04:209][991]LogModuleManager: Shutting down and abandoning module SlateReflector (202)
[2019.04.11-11.03.04:210][991]LogModuleManager: Shutting down and abandoning module Slate (200)
[2019.04.11-11.03.04:210][991]LogModuleManager: Shutting down and abandoning module EditorStyle (198)
[2019.04.11-11.03.04:216][991]LogModuleManager: Shutting down and abandoning module MRMesh (196)
[2019.04.11-11.03.04:217][991]LogModuleManager: Shutting down and abandoning module SourceCodeAccess (194)
[2019.04.11-11.03.04:217][991]LogModuleManager: Shutting down and abandoning module HeadMountedDisplay (192)
[2019.04.11-11.03.04:217][991]LogModuleManager: Shutting down and abandoning module XAudio2 (190)
[2019.04.11-11.03.04:217][991]LogModuleManager: Shutting down and abandoning module Networking (188)
[2019.04.11-11.03.04:217][991]LogModuleManager: Shutting down and abandoning module Core (186)
[2019.04.11-11.03.04:217][991]LogModuleManager: Shutting down and abandoning module LevelSequence (184)
[2019.04.11-11.03.04:217][991]LogModuleManager: Shutting down and abandoning module KismetCompiler (182)
[2019.04.11-11.03.04:217][991]LogModuleManager: Shutting down and abandoning module MeshUtilities (180)
[2019.04.11-11.03.04:217][991]LogModuleManager: Shutting down and abandoning module MeshMergeUtilities (179)
[2019.04.11-11.03.04:217][991]LogModuleManager: Shutting down and abandoning module MeshReductionInterface (178)
[2019.04.11-11.03.04:217][991]LogModuleManager: Shutting down and abandoning module SimplygonSwarm (177)
[2019.04.11-11.03.04:217][991]LogModuleManager: Shutting down and abandoning module ProxyLODMeshReduction (175)
[2019.04.11-11.03.04:217][991]LogModuleManager: Shutting down and abandoning module SimplygonMeshReduction (173)
[2019.04.11-11.03.04:217][991]LogModuleManager: Shutting down and abandoning module QuadricMeshReduction (171)
[2019.04.11-11.03.04:217][991]LogModuleManager: Shutting down and abandoning module MaterialBaking (167)
[2019.04.11-11.03.04:217][991]LogModuleManager: Shutting down and abandoning module DirectoryWatcher (163)
[2019.04.11-11.03.04:217][991]LogModuleManager: Shutting down and abandoning module DerivedDataCache (160)
[2019.04.11-11.03.04:684][991]LogDerivedDataCache: Shutdown
[2019.04.11-11.03.04:684][991]LogModuleManager: Shutting down and abandoning module XGEController (158)
[2019.04.11-11.03.04:684][991]LogXGEController: Cleaning working directory: C:/Users/mKimp/AppData/Local/Temp/UnrealXGEWorkingDir/
[2019.04.11-11.03.04:685][991]LogModuleManager: Shutting down and abandoning module TargetPlatform (156)
[2019.04.11-11.03.04:685][991]LogModuleManager: Shutting down and abandoning module VulkanShaderFormat (155)
[2019.04.11-11.03.04:685][991]LogModuleManager: Shutting down and abandoning module ShaderFormatVectorVM (153)
[2019.04.11-11.03.04:685][991]LogModuleManager: Shutting down and abandoning module ShaderFormatOpenGL (151)
[2019.04.11-11.03.04:685][991]LogModuleManager: Shutting down and abandoning module ShaderFormatD3D (149)
[2019.04.11-11.03.04:685][991]LogModuleManager: Shutting down and abandoning module MetalShaderFormat (147)
[2019.04.11-11.03.04:685][991]LogModuleManager: Shutting down and abandoning module TextureFormatUncompressed (145)
[2019.04.11-11.03.04:685][991]LogModuleManager: Shutting down and abandoning module TextureFormatPVR (143)
[2019.04.11-11.03.04:685][991]LogModuleManager: Shutting down and abandoning module TextureFormatDXT (141)
[2019.04.11-11.03.04:685][991]LogModuleManager: Shutting down and abandoning module TextureFormatIntelISPCTexComp (139)
[2019.04.11-11.03.04:685][991]LogModuleManager: Shutting down and abandoning module TextureFormatASTC (137)
[2019.04.11-11.03.04:685][991]LogModuleManager: Shutting down and abandoning module ImageWrapper (136)
[2019.04.11-11.03.04:685][991]LogModuleManager: Shutting down and abandoning module TextureFormatAndroid (133)
[2019.04.11-11.03.04:685][991]LogModuleManager: Shutting down and abandoning module AudioFormatOpus (131)
[2019.04.11-11.03.04:685][991]LogModuleManager: Shutting down and abandoning module AudioFormatOgg (129)
[2019.04.11-11.03.04:685][991]LogModuleManager: Shutting down and abandoning module AudioFormatADPCM (127)
[2019.04.11-11.03.04:685][991]LogModuleManager: Shutting down and abandoning module LuminTargetPlatform (125)
[2019.04.11-11.03.04:686][991]LogModuleManager: Shutting down and abandoning module LinuxTargetPlatform (123)
[2019.04.11-11.03.04:686][991]LogModuleManager: Shutting down and abandoning module LinuxServerTargetPlatform (121)
[2019.04.11-11.03.04:686][991]LogModuleManager: Shutting down and abandoning module LinuxNoEditorTargetPlatform (119)
[2019.04.11-11.03.04:686][991]LogModuleManager: Shutting down and abandoning module LinuxClientTargetPlatform (117)
[2019.04.11-11.03.04:686][991]LogModuleManager: Shutting down and abandoning module TVOSTargetPlatform (115)
[2019.04.11-11.03.04:687][991]LogModuleManager: Shutting down and abandoning module Messaging (113)
[2019.04.11-11.03.04:687][991]LogModuleManager: Shutting down and abandoning module IOSTargetPlatform (111)
[2019.04.11-11.03.04:687][991]LogModuleManager: Shutting down and abandoning module HTML5TargetPlatform (109)
[2019.04.11-11.03.04:687][991]LogModuleManager: Shutting down and abandoning module AndroidTargetPlatform (107)
[2019.04.11-11.03.04:694][991]LogModuleManager: Shutting down and abandoning module WindowsTargetPlatform (105)
[2019.04.11-11.03.04:694][991]LogModuleManager: Shutting down and abandoning module WindowsServerTargetPlatform (103)
[2019.04.11-11.03.04:694][991]LogModuleManager: Shutting down and abandoning module WindowsNoEditorTargetPlatform (101)
[2019.04.11-11.03.04:694][991]LogModuleManager: Shutting down and abandoning module WindowsClientTargetPlatform (99)
[2019.04.11-11.03.04:694][991]LogModuleManager: Shutting down and abandoning module MacTargetPlatform (97)
[2019.04.11-11.03.04:694][991]LogModuleManager: Shutting down and abandoning module MacServerTargetPlatform (95)
[2019.04.11-11.03.04:694][991]LogModuleManager: Shutting down and abandoning module MacNoEditorTargetPlatform (93)
[2019.04.11-11.03.04:694][991]LogModuleManager: Shutting down and abandoning module MacClientTargetPlatform (91)
[2019.04.11-11.03.04:694][991]LogModuleManager: Shutting down and abandoning module AllDesktopTargetPlatform (89)
[2019.04.11-11.03.04:694][991]LogModuleManager: Shutting down and abandoning module InputCore (86)
[2019.04.11-11.03.04:694][991]LogModuleManager: Shutting down and abandoning module Settings (84)
[2019.04.11-11.03.04:694][991]LogModuleManager: Shutting down and abandoning module PhysXCooking (82)
[2019.04.11-11.03.04:694][991]LogModuleManager: Shutting down and abandoning module SteamVR (80)
[2019.04.11-11.03.04:694][991]LogHMD: Freeing OpenVRDLLHandle.
[2019.04.11-11.03.04:695][991]LogModuleManager: Shutting down and abandoning module OculusHMD (78)
[2019.04.11-11.03.04:695][991]LogModuleManager: Shutting down and abandoning module ExampleDeviceProfileSelector (76)
[2019.04.11-11.03.04:695][991]LogModuleManager: Shutting down and abandoning module LauncherChunkInstaller (74)
[2019.04.11-11.03.04:695][991]LogModuleManager: Shutting down and abandoning module OnlineBlueprintSupport (72)
[2019.04.11-11.03.04:695][991]LogModuleManager: Shutting down and abandoning module OnlineSubsystem (68)
[2019.04.11-11.03.04:697][991]LogModuleManager: Shutting down and abandoning module XMPP (63)
[2019.04.11-11.03.04:697][991]LogModuleManager: Shutting down and abandoning module WebSockets (62)
[2019.04.11-11.03.04:725][991]LogModuleManager: Shutting down and abandoning module HTTP (59)
[2019.04.11-11.03.04:725][991]LogHttp: Display: Http module shutting down, but needs to wait on 1 outstanding Http requests:
[2019.04.11-11.03.04:725][991]LogHttp: Display: 	verb=[POST] url=[https://datarouter.ol.epicgames.com/datarouter/api/v1/public/data?SessionID=%7BC1BEBBD1-40FB-223B-5025-16819B88E431%7D&AppID=UEEditor.Rocket.Release&AppVersion=4.21.1-4613538%2B%2B%2BUE4%2BRelease-4.21&UserID=c31135894b27088a7ea8078dbc50c89b%7C36215cf25ab341f5843efea4ee46e978%7C482f138a-c5b8-4fdc-8dba-8d9025728d4c&AppEnvironment=datacollector-binary&UploadType=eteventstream] status=Processing
[2019.04.11-11.03.04:745][991]LogModuleManager: Shutting down and abandoning module SSL (58)
[2019.04.11-11.03.04:750][991]LogModuleManager: Shutting down and abandoning module MagicLeapIdentity (54)
[2019.04.11-11.03.04:750][991]LogModuleManager: Shutting down and abandoning module MagicLeapHelperVulkan (52)
[2019.04.11-11.03.04:750][991]LogModuleManager: Shutting down and abandoning module MagicLeapHelperOpenGL (50)
[2019.04.11-11.03.04:750][991]LogModuleManager: Shutting down and abandoning module MagicLeapSecureStorage (48)
[2019.04.11-11.03.04:750][991]LogModuleManager: Shutting down and abandoning module MagicLeapHandTracking (46)
[2019.04.11-11.03.04:750][991]LogModuleManager: Shutting down and abandoning module MagicLeapEyeTracker (44)
[2019.04.11-11.03.04:751][991]LogModuleManager: Shutting down and abandoning module MagicLeapController (42)
[2019.04.11-11.03.04:751][991]LogSlate: Slate User Destroyed.  User Index 0, Is Virtual User: 0
[2019.04.11-11.03.04:751][991]LogSlate: Slate User Destroyed.  User Index 8, Is Virtual User: 1
[2019.04.11-11.03.04:751][991]LogModuleManager: Shutting down and abandoning module MagicLeap (40)
[2019.04.11-11.03.04:751][991]LogModuleManager: Shutting down and abandoning module DatasmithContent (38)
[2019.04.11-11.03.04:752][991]LogModuleManager: Shutting down and abandoning module AnimationModifiers (36)
[2019.04.11-11.03.04:752][991]LogModuleManager: Shutting down and abandoning module PropertyEditor (35)
[2019.04.11-11.03.04:752][991]LogModuleManager: Shutting down and abandoning module AudioEditor (32)
[2019.04.11-11.03.04:752][991]LogModuleManager: Shutting down and abandoning module TextureCompressor (30)
[2019.04.11-11.03.04:752][991]LogModuleManager: Shutting down and abandoning module ShaderCore (28)
[2019.04.11-11.03.04:752][991]LogModuleManager: Shutting down and abandoning module Landscape (26)
[2019.04.11-11.03.04:752][991]LogModuleManager: Shutting down and abandoning module SlateRHIRenderer (24)
[2019.04.11-11.03.04:752][991]LogModuleManager: Shutting down and abandoning module OpenGLDrv (22)
[2019.04.11-11.03.04:753][991]LogModuleManager: Shutting down and abandoning module D3D11RHI (20)
[2019.04.11-11.03.04:753][991]LogModuleManager: Shutting down and abandoning module AnimGraphRuntime (18)
[2019.04.11-11.03.04:753][991]LogModuleManager: Shutting down and abandoning module Renderer (16)
[2019.04.11-11.03.04:753][991]LogModuleManager: Shutting down and abandoning module Engine (14)
[2019.04.11-11.03.04:753][991]LogModuleManager: Shutting down and abandoning module CoreUObject (12)
[2019.04.11-11.03.04:753][991]LogModuleManager: Shutting down and abandoning module NetworkFile (10)
[2019.04.11-11.03.04:753][991]LogModuleManager: Shutting down and abandoning module CookedIterativeFile (8)
[2019.04.11-11.03.04:753][991]LogModuleManager: Shutting down and abandoning module StreamingFile (6)
[2019.04.11-11.03.04:753][991]LogModuleManager: Shutting down and abandoning module SandboxFile (4)
[2019.04.11-11.03.04:753][991]LogModuleManager: Shutting down and abandoning module PakFile (2)
[2019.04.11-11.03.04:756][991]LogExit: Exiting.
[2019.04.11-11.03.04:768][991]Log file closed, 04/11/19 14:03:04
